2023-12-18 10:24:15.917 INFO [main]c.h.medium.service.GetEqualSubstringsWithinBudgetTest.logStarting:55 -Starting GetEqualSubstringsWithinBudgetTest on LAPTOP-ILSEUOVJ with PID 36844 (started by hsuhau in D:\GitHub\hsuhau\leet-code\leet-code-medium)
2023-12-18 10:24:15.918 INFO [main]c.h.medium.service.GetEqualSubstringsWithinBudgetTest.logStartupProfileInfo:651 -No active profile set, falling back to default profiles: default
2023-12-18 10:24:16.600 INFO [main]c.h.medium.service.GetEqualSubstringsWithinBudgetTest.logStarted:61 -Started GetEqualSubstringsWithinBudgetTest in 1.228 seconds (JVM running for 2.561)
2023-12-18 10:24:57.599 INFO [main]c.h.medium.service.GetEqualSubstringsWithinBudgetTest.logStarting:55 -Starting GetEqualSubstringsWithinBudgetTest on LAPTOP-ILSEUOVJ with PID 27032 (started by hsuhau in D:\GitHub\hsuhau\leet-code\leet-code-medium)
2023-12-18 10:24:57.646 INFO [main]c.h.medium.service.GetEqualSubstringsWithinBudgetTest.logStartupProfileInfo:651 -No active profile set, falling back to default profiles: default
2023-12-18 10:24:58.333 INFO [main]c.h.medium.service.GetEqualSubstringsWithinBudgetTest.logStarted:61 -Started GetEqualSubstringsWithinBudgetTest in 1.19 seconds (JVM running for 2.359)
2023-12-18 10:26:05.975 INFO [main]c.h.medium.service.GetEqualSubstringsWithinBudgetTest.logStarting:55 -Starting GetEqualSubstringsWithinBudgetTest on LAPTOP-ILSEUOVJ with PID 8620 (started by hsuhau in D:\GitHub\hsuhau\leet-code\leet-code-medium)
2023-12-18 10:26:05.977 INFO [main]c.h.medium.service.GetEqualSubstringsWithinBudgetTest.logStartupProfileInfo:651 -No active profile set, falling back to default profiles: default
2023-12-18 10:26:06.599 INFO [main]c.h.medium.service.GetEqualSubstringsWithinBudgetTest.logStarted:61 -Started GetEqualSubstringsWithinBudgetTest in 1.065 seconds (JVM running for 2.095)
2023-12-18 10:27:22.769 INFO [main]c.h.medium.service.GetEqualSubstringsWithinBudgetTest.logStarting:55 -Starting GetEqualSubstringsWithinBudgetTest on LAPTOP-ILSEUOVJ with PID 24440 (started by hsuhau in D:\GitHub\hsuhau\leet-code\leet-code-medium)
2023-12-18 10:27:22.772 INFO [main]c.h.medium.service.GetEqualSubstringsWithinBudgetTest.logStartupProfileInfo:651 -No active profile set, falling back to default profiles: default
2023-12-18 10:27:23.338 INFO [main]c.h.medium.service.GetEqualSubstringsWithinBudgetTest.logStarted:61 -Started GetEqualSubstringsWithinBudgetTest in 0.95 seconds (JVM running for 1.875)
2023-12-18 10:27:44.359 INFO [main]c.h.medium.service.GetEqualSubstringsWithinBudgetTest.logStarting:55 -Starting GetEqualSubstringsWithinBudgetTest on LAPTOP-ILSEUOVJ with PID 7304 (started by hsuhau in D:\GitHub\hsuhau\leet-code\leet-code-medium)
2023-12-18 10:27:44.362 INFO [main]c.h.medium.service.GetEqualSubstringsWithinBudgetTest.logStartupProfileInfo:651 -No active profile set, falling back to default profiles: default
2023-12-18 10:27:45.060 INFO [main]c.h.medium.service.GetEqualSubstringsWithinBudgetTest.logStarted:61 -Started GetEqualSubstringsWithinBudgetTest in 1.199 seconds (JVM running for 2.446)
2023-12-18 10:28:51.639 INFO [main]c.h.medium.service.GetEqualSubstringsWithinBudgetTest.logStarting:55 -Starting GetEqualSubstringsWithinBudgetTest on LAPTOP-ILSEUOVJ with PID 32972 (started by hsuhau in D:\GitHub\hsuhau\leet-code\leet-code-medium)
2023-12-18 10:28:51.641 INFO [main]c.h.medium.service.GetEqualSubstringsWithinBudgetTest.logStartupProfileInfo:651 -No active profile set, falling back to default profiles: default
2023-12-18 10:28:52.240 INFO [main]c.h.medium.service.GetEqualSubstringsWithinBudgetTest.logStarted:61 -Started GetEqualSubstringsWithinBudgetTest in 0.97 seconds (JVM running for 1.999)
2023-12-18 10:31:33.406 INFO [main]c.h.medium.service.LetterCombinationsOfAPhoneNumberTest.logStarting:55 -Starting LetterCombinationsOfAPhoneNumberTest on LAPTOP-ILSEUOVJ with PID 39104 (started by hsuhau in D:\GitHub\hsuhau\leet-code\leet-code-medium)
2023-12-18 10:31:33.409 INFO [main]c.h.medium.service.LetterCombinationsOfAPhoneNumberTest.logStartupProfileInfo:651 -No active profile set, falling back to default profiles: default
2023-12-18 10:31:33.964 INFO [main]c.h.medium.service.LetterCombinationsOfAPhoneNumberTest.logStarted:61 -Started LetterCombinationsOfAPhoneNumberTest in 0.936 seconds (JVM running for 1.95)
2023-12-18 10:41:28.207 INFO [main]com.hsuhau.medium.service.AddThreeNumbersTest.logStarting:55 -Starting AddThreeNumbersTest on LAPTOP-ILSEUOVJ with PID 33884 (started by hsuhau in D:\GitHub\hsuhau\leet-code\leet-code-medium)
2023-12-18 10:41:28.209 INFO [main]com.hsuhau.medium.service.AddThreeNumbersTest.logStartupProfileInfo:651 -No active profile set, falling back to default profiles: default
2023-12-18 10:41:28.766 INFO [main]com.hsuhau.medium.service.AddThreeNumbersTest.logStarted:61 -Started AddThreeNumbersTest in 1.059 seconds (JVM running for 2.693)
2023-12-18 10:50:54.113 INFO [main]c.h.medium.service.GetEqualSubstringsWithinBudgetTest.logStarting:55 -Starting GetEqualSubstringsWithinBudgetTest on LAPTOP-ILSEUOVJ with PID 32140 (started by hsuhau in D:\GitHub\hsuhau\leet-code\leet-code-medium)
2023-12-18 10:50:54.161 INFO [main]c.h.medium.service.GetEqualSubstringsWithinBudgetTest.logStartupProfileInfo:651 -No active profile set, falling back to default profiles: default
2023-12-18 10:50:54.911 INFO [main]c.h.medium.service.GetEqualSubstringsWithinBudgetTest.logStarted:61 -Started GetEqualSubstringsWithinBudgetTest in 1.422 seconds (JVM running for 2.882)
2023-12-18 11:03:13.884 INFO [main]c.h.medium.service.GetEqualSubstringsWithinBudgetTest.logStarting:55 -Starting GetEqualSubstringsWithinBudgetTest on LAPTOP-ILSEUOVJ with PID 13168 (started by hsuhau in D:\GitHub\hsuhau\leet-code\leet-code-medium)
2023-12-18 11:03:13.888 INFO [main]c.h.medium.service.GetEqualSubstringsWithinBudgetTest.logStartupProfileInfo:651 -No active profile set, falling back to default profiles: default
2023-12-18 11:03:14.749 INFO [main]c.h.medium.service.GetEqualSubstringsWithinBudgetTest.logStarted:61 -Started GetEqualSubstringsWithinBudgetTest in 1.393 seconds (JVM running for 2.735)
2023-12-18 11:38:33.854 INFO [main]c.h.medium.service.GetEqualSubstringsWithinBudgetTest.logStarting:55 -Starting GetEqualSubstringsWithinBudgetTest on LAPTOP-ILSEUOVJ with PID 35820 (started by hsuhau in D:\GitHub\hsuhau\leet-code\leet-code-medium)
2023-12-18 11:38:33.855 INFO [main]c.h.medium.service.GetEqualSubstringsWithinBudgetTest.logStartupProfileInfo:651 -No active profile set, falling back to default profiles: default
2023-12-18 11:38:34.396 INFO [main]c.h.medium.service.GetEqualSubstringsWithinBudgetTest.logStarted:61 -Started GetEqualSubstringsWithinBudgetTest in 0.92 seconds (JVM running for 1.893)
2023-12-18 11:39:00.153 INFO [main]c.h.medium.service.GetEqualSubstringsWithinBudgetTest.logStarting:55 -Starting GetEqualSubstringsWithinBudgetTest on LAPTOP-ILSEUOVJ with PID 39976 (started by hsuhau in D:\GitHub\hsuhau\leet-code\leet-code-medium)
2023-12-18 11:39:00.156 INFO [main]c.h.medium.service.GetEqualSubstringsWithinBudgetTest.logStartupProfileInfo:651 -No active profile set, falling back to default profiles: default
2023-12-18 11:39:00.794 INFO [main]c.h.medium.service.GetEqualSubstringsWithinBudgetTest.logStarted:61 -Started GetEqualSubstringsWithinBudgetTest in 1.053 seconds (JVM running for 2.053)
2023-12-18 11:42:19.826 INFO [main]c.h.medium.service.GetEqualSubstringsWithinBudgetTest.logStarting:55 -Starting GetEqualSubstringsWithinBudgetTest on LAPTOP-ILSEUOVJ with PID 32148 (started by hsuhau in D:\GitHub\hsuhau\leet-code\leet-code-medium)
2023-12-18 11:42:19.828 INFO [main]c.h.medium.service.GetEqualSubstringsWithinBudgetTest.logStartupProfileInfo:651 -No active profile set, falling back to default profiles: default
2023-12-18 11:42:20.450 INFO [main]c.h.medium.service.GetEqualSubstringsWithinBudgetTest.logStarted:61 -Started GetEqualSubstringsWithinBudgetTest in 1.034 seconds (JVM running for 2.134)
