2021-07-08 10:26:08.098 DEBUG[main]o.s.b.c.logging.ClasspathLoggingApplicationListener.onApplicationEvent:51 -Application started with classpath: [file:/home/hsuhau/.local/share/JetBrains/Toolbox/apps/IDEA-U/ch-0/211.7628.21/lib/idea_rt.jar, file:/home/hsuhau/.local/share/JetBrains/Toolbox/apps/IDEA-U/ch-0/211.7628.21/plugins/junit/lib/junit5-rt.jar, file:/home/hsuhau/.local/share/JetBrains/Toolbox/apps/IDEA-U/ch-0/211.7628.21/plugins/junit/lib/junit-rt.jar, file:/usr/lib/jvm/jdk1.8.0_291/jre/lib/charsets.jar, file:/usr/lib/jvm/jdk1.8.0_291/jre/lib/deploy.jar, file:/usr/lib/jvm/jdk1.8.0_291/jre/lib/ext/cldrdata.jar, file:/usr/lib/jvm/jdk1.8.0_291/jre/lib/ext/dnsns.jar, file:/usr/lib/jvm/jdk1.8.0_291/jre/lib/ext/jaccess.jar, file:/usr/lib/jvm/jdk1.8.0_291/jre/lib/ext/jfxrt.jar, file:/usr/lib/jvm/jdk1.8.0_291/jre/lib/ext/localedata.jar, file:/usr/lib/jvm/jdk1.8.0_291/jre/lib/ext/nashorn.jar, file:/usr/lib/jvm/jdk1.8.0_291/jre/lib/ext/sunec.jar, file:/usr/lib/jvm/jdk1.8.0_291/jre/lib/ext/sunjce_provider.jar, file:/usr/lib/jvm/jdk1.8.0_291/jre/lib/ext/sunpkcs11.jar, file:/usr/lib/jvm/jdk1.8.0_291/jre/lib/ext/zipfs.jar, file:/usr/lib/jvm/jdk1.8.0_291/jre/lib/javaws.jar, file:/usr/lib/jvm/jdk1.8.0_291/jre/lib/jce.jar, file:/usr/lib/jvm/jdk1.8.0_291/jre/lib/jfr.jar, file:/usr/lib/jvm/jdk1.8.0_291/jre/lib/jfxswt.jar, file:/usr/lib/jvm/jdk1.8.0_291/jre/lib/jsse.jar, file:/usr/lib/jvm/jdk1.8.0_291/jre/lib/management-agent.jar, file:/usr/lib/jvm/jdk1.8.0_291/jre/lib/plugin.jar, file:/usr/lib/jvm/jdk1.8.0_291/jre/lib/resources.jar, file:/usr/lib/jvm/jdk1.8.0_291/jre/lib/rt.jar, file:/home/hsuhau/GitHub/hsuhau/leet-code/leet-code-medium/target/test-classes/, file:/home/hsuhau/GitHub/hsuhau/leet-code/leet-code-medium/target/classes/, file:/home/hsuhau/GitHub/hsuhau/leet-code/leet-code-common/target/classes/, file:/home/hsuhau/GitHub/hsuhau/leet-code/leet-code-main/target/classes/, file:/home/hsuhau/.m2/repository/org/springframework/boot/spring-boot-starter/2.2.6.RELEASE/spring-boot-starter-2.2.6.RELEASE.jar, file:/home/hsuhau/.m2/repository/org/springframework/boot/spring-boot/2.2.6.RELEASE/spring-boot-2.2.6.RELEASE.jar, file:/home/hsuhau/.m2/repository/org/springframework/spring-context/5.2.5.RELEASE/spring-context-5.2.5.RELEASE.jar, file:/home/hsuhau/.m2/repository/org/springframework/spring-aop/5.2.5.RELEASE/spring-aop-5.2.5.RELEASE.jar, file:/home/hsuhau/.m2/repository/org/springframework/spring-beans/5.2.5.RELEASE/spring-beans-5.2.5.RELEASE.jar, file:/home/hsuhau/.m2/repository/org/springframework/spring-expression/5.2.5.RELEASE/spring-expression-5.2.5.RELEASE.jar, file:/home/hsuhau/.m2/repository/org/springframework/boot/spring-boot-autoconfigure/2.2.6.RELEASE/spring-boot-autoconfigure-2.2.6.RELEASE.jar, file:/home/hsuhau/.m2/repository/jakarta/annotation/jakarta.annotation-api/1.3.5/jakarta.annotation-api-1.3.5.jar, file:/home/hsuhau/.m2/repository/org/springframework/spring-core/5.2.5.RELEASE/spring-core-5.2.5.RELEASE.jar, file:/home/hsuhau/.m2/repository/org/springframework/spring-jcl/5.2.5.RELEASE/spring-jcl-5.2.5.RELEASE.jar, file:/home/hsuhau/.m2/repository/org/yaml/snakeyaml/1.25/snakeyaml-1.25.jar, file:/home/hsuhau/.m2/repository/org/springframework/boot/spring-boot-starter-test/2.2.6.RELEASE/spring-boot-starter-test-2.2.6.RELEASE.jar, file:/home/hsuhau/.m2/repository/org/springframework/boot/spring-boot-test/2.2.6.RELEASE/spring-boot-test-2.2.6.RELEASE.jar, file:/home/hsuhau/.m2/repository/org/springframework/boot/spring-boot-test-autoconfigure/2.2.6.RELEASE/spring-boot-test-autoconfigure-2.2.6.RELEASE.jar, file:/home/hsuhau/.m2/repository/com/jayway/jsonpath/json-path/2.4.0/json-path-2.4.0.jar, file:/home/hsuhau/.m2/repository/net/minidev/json-smart/2.3/json-smart-2.3.jar, file:/home/hsuhau/.m2/repository/net/minidev/accessors-smart/1.2/accessors-smart-1.2.jar, file:/home/hsuhau/.m2/repository/org/ow2/asm/asm/5.0.4/asm-5.0.4.jar, file:/home/hsuhau/.m2/repository/jakarta/xml/bind/jakarta.xml.bind-api/2.3.3/jakarta.xml.bind-api-2.3.3.jar, file:/home/hsuhau/.m2/repository/jakarta/activation/jakarta.activation-api/1.2.2/jakarta.activation-api-1.2.2.jar, file:/home/hsuhau/.m2/repository/org/junit/vintage/junit-vintage-engine/5.5.2/junit-vintage-engine-5.5.2.jar, file:/home/hsuhau/.m2/repository/org/apiguardian/apiguardian-api/1.1.0/apiguardian-api-1.1.0.jar, file:/home/hsuhau/.m2/repository/org/junit/platform/junit-platform-engine/1.5.2/junit-platform-engine-1.5.2.jar, file:/home/hsuhau/.m2/repository/junit/junit/4.12/junit-4.12.jar, file:/home/hsuhau/.m2/repository/org/mockito/mockito-junit-jupiter/3.1.0/mockito-junit-jupiter-3.1.0.jar, file:/home/hsuhau/.m2/repository/org/assertj/assertj-core/3.13.2/assertj-core-3.13.2.jar, file:/home/hsuhau/.m2/repository/org/hamcrest/hamcrest/2.1/hamcrest-2.1.jar, file:/home/hsuhau/.m2/repository/org/mockito/mockito-core/3.1.0/mockito-core-3.1.0.jar, file:/home/hsuhau/.m2/repository/net/bytebuddy/byte-buddy/1.10.8/byte-buddy-1.10.8.jar, file:/home/hsuhau/.m2/repository/net/bytebuddy/byte-buddy-agent/1.10.8/byte-buddy-agent-1.10.8.jar, file:/home/hsuhau/.m2/repository/org/objenesis/objenesis/2.6/objenesis-2.6.jar, file:/home/hsuhau/.m2/repository/org/skyscreamer/jsonassert/1.5.0/jsonassert-1.5.0.jar, file:/home/hsuhau/.m2/repository/com/vaadin/external/google/android-json/0.0.20131108.vaadin1/android-json-0.0.20131108.vaadin1.jar, file:/home/hsuhau/.m2/repository/org/springframework/spring-test/5.2.5.RELEASE/spring-test-5.2.5.RELEASE.jar, file:/home/hsuhau/.m2/repository/org/xmlunit/xmlunit-core/2.6.4/xmlunit-core-2.6.4.jar, file:/home/hsuhau/.m2/repository/ch/qos/logback/logback-classic/1.2.3/logback-classic-1.2.3.jar, file:/home/hsuhau/.m2/repository/ch/qos/logback/logback-core/1.2.3/logback-core-1.2.3.jar, file:/home/hsuhau/.m2/repository/org/slf4j/slf4j-api/1.7.30/slf4j-api-1.7.30.jar, file:/home/hsuhau/.m2/repository/org/junit/jupiter/junit-jupiter/5.6.0-RC1/junit-jupiter-5.6.0-RC1.jar, file:/home/hsuhau/.m2/repository/org/junit/jupiter/junit-jupiter-api/5.5.2/junit-jupiter-api-5.5.2.jar, file:/home/hsuhau/.m2/repository/org/opentest4j/opentest4j/1.2.0/opentest4j-1.2.0.jar, file:/home/hsuhau/.m2/repository/org/junit/platform/junit-platform-commons/1.5.2/junit-platform-commons-1.5.2.jar, file:/home/hsuhau/.m2/repository/org/junit/jupiter/junit-jupiter-params/5.5.2/junit-jupiter-params-5.5.2.jar, file:/home/hsuhau/.m2/repository/org/junit/jupiter/junit-jupiter-engine/5.5.2/junit-jupiter-engine-5.5.2.jar, file:/home/hsuhau/.m2/repository/org/springframework/boot/spring-boot-devtools/2.2.6.RELEASE/spring-boot-devtools-2.2.6.RELEASE.jar, file:/home/hsuhau/.m2/repository/com/alibaba/fastjson/1.2.76/fastjson-1.2.76.jar, file:/home/hsuhau/.local/share/JetBrains/Toolbox/apps/IDEA-U/ch-0/211.7628.21/lib/idea_rt.jar]
2021-07-08 10:26:08.410 INFO [main]com.hsuhau.medium.service.LengthOfLongestSubstringTest.logStarting:55 -Starting LengthOfLongestSubstringTest on hsuhau-laptop with PID 89854 (started by hsuhau in /home/hsuhau/GitHub/hsuhau/leet-code/leet-code-medium)
2021-07-08 10:26:08.414 DEBUG[main]com.hsuhau.medium.service.LengthOfLongestSubstringTest.logStarting:56 -Running with Spring Boot v2.2.6.RELEASE, Spring v5.2.5.RELEASE
2021-07-08 10:26:08.417 INFO [main]com.hsuhau.medium.service.LengthOfLongestSubstringTest.logStartupProfileInfo:651 -No active profile set, falling back to default profiles: default
2021-07-08 10:26:08.418 DEBUG[main]org.springframework.boot.SpringApplication.load:679 -Loading source class com.hsuhau.com.hsuhau.hard.HardApplication
2021-07-08 10:26:08.614 DEBUG[main]o.s.boot.context.config.ConfigFileApplicationListener.logTo:222 -Loaded config file 'file:/home/hsuhau/GitHub/hsuhau/leet-code/leet-code-main/target/classes/application.yml' (classpath:/application.yml)
2021-07-08 10:26:08.618 DEBUG[main]o.s.c.annotation.AnnotationConfigApplicationContext.prepareRefresh:595 -Refreshing org.springframework.context.annotation.AnnotationConfigApplicationContext@6cd24612
2021-07-08 10:26:08.711 DEBUG[main]o.s.beans.factory.support.DefaultListableBeanFactory.getSingleton:213 -Creating shared instance of singleton bean 'org.springframework.context.annotation.internalConfigurationAnnotationProcessor'
2021-07-08 10:26:08.779 DEBUG[main]o.s.beans.factory.support.DefaultListableBeanFactory.getSingleton:213 -Creating shared instance of singleton bean 'org.springframework.boot.autoconfigure.internalCachingMetadataReaderFactory'
2021-07-08 10:26:09.084 DEBUG[main]o.s.context.annotation.ClassPathBeanDefinitionScanner.scanCandidateComponents:435 -Identified candidate component class: file [/home/hsuhau/GitHub/hsuhau/leet-code/leet-code-medium/target/classes/com/hsuhau/medium/service/AddTwoNumbers.class]
2021-07-08 10:26:09.087 DEBUG[main]o.s.context.annotation.ClassPathBeanDefinitionScanner.scanCandidateComponents:435 -Identified candidate component class: file [/home/hsuhau/GitHub/hsuhau/leet-code/leet-code-medium/target/classes/com/hsuhau/medium/service/CombinationSum.class]
2021-07-08 10:26:09.090 DEBUG[main]o.s.context.annotation.ClassPathBeanDefinitionScanner.scanCandidateComponents:435 -Identified candidate component class: file [/home/hsuhau/GitHub/hsuhau/leet-code/leet-code-medium/target/classes/com/hsuhau/medium/service/ConstructMaximumBinaryTree.class]
2021-07-08 10:26:09.093 DEBUG[main]o.s.context.annotation.ClassPathBeanDefinitionScanner.scanCandidateComponents:435 -Identified candidate component class: file [/home/hsuhau/GitHub/hsuhau/leet-code/leet-code-medium/target/classes/com/hsuhau/medium/service/CountBits.class]
2021-07-08 10:26:09.115 DEBUG[main]o.s.context.annotation.ClassPathBeanDefinitionScanner.scanCandidateComponents:435 -Identified candidate component class: file [/home/hsuhau/GitHub/hsuhau/leet-code/leet-code-medium/target/classes/com/hsuhau/medium/service/CountSubstrings.class]
2021-07-08 10:26:09.120 DEBUG[main]o.s.context.annotation.ClassPathBeanDefinitionScanner.scanCandidateComponents:435 -Identified candidate component class: file [/home/hsuhau/GitHub/hsuhau/leet-code/leet-code-medium/target/classes/com/hsuhau/medium/service/EqualSubstring.class]
2021-07-08 10:26:09.123 DEBUG[main]o.s.context.annotation.ClassPathBeanDefinitionScanner.scanCandidateComponents:435 -Identified candidate component class: file [/home/hsuhau/GitHub/hsuhau/leet-code/leet-code-medium/target/classes/com/hsuhau/medium/service/FindAndReplacePattern.class]
2021-07-08 10:26:09.125 DEBUG[main]o.s.context.annotation.ClassPathBeanDefinitionScanner.scanCandidateComponents:435 -Identified candidate component class: file [/home/hsuhau/GitHub/hsuhau/leet-code/leet-code-medium/target/classes/com/hsuhau/medium/service/FindCircleNum.class]
2021-07-08 10:26:09.127 DEBUG[main]o.s.context.annotation.ClassPathBeanDefinitionScanner.scanCandidateComponents:435 -Identified candidate component class: file [/home/hsuhau/GitHub/hsuhau/leet-code/leet-code-medium/target/classes/com/hsuhau/medium/service/FindDuplicate.class]
2021-07-08 10:26:09.129 DEBUG[main]o.s.context.annotation.ClassPathBeanDefinitionScanner.scanCandidateComponents:435 -Identified candidate component class: file [/home/hsuhau/GitHub/hsuhau/leet-code/leet-code-medium/target/classes/com/hsuhau/medium/service/Flatten.class]
2021-07-08 10:26:09.131 DEBUG[main]o.s.context.annotation.ClassPathBeanDefinitionScanner.scanCandidateComponents:435 -Identified candidate component class: file [/home/hsuhau/GitHub/hsuhau/leet-code/leet-code-medium/target/classes/com/hsuhau/medium/service/FourSum.class]
2021-07-08 10:26:09.133 DEBUG[main]o.s.context.annotation.ClassPathBeanDefinitionScanner.scanCandidateComponents:435 -Identified candidate component class: file [/home/hsuhau/GitHub/hsuhau/leet-code/leet-code-medium/target/classes/com/hsuhau/medium/service/GenerateParenthesis.class]
2021-07-08 10:26:09.134 DEBUG[main]o.s.context.annotation.ClassPathBeanDefinitionScanner.scanCandidateComponents:435 -Identified candidate component class: file [/home/hsuhau/GitHub/hsuhau/leet-code/leet-code-medium/target/classes/com/hsuhau/medium/service/GetMaximumGold.class]
2021-07-08 10:26:09.137 DEBUG[main]o.s.context.annotation.ClassPathBeanDefinitionScanner.scanCandidateComponents:435 -Identified candidate component class: file [/home/hsuhau/GitHub/hsuhau/leet-code/leet-code-medium/target/classes/com/hsuhau/medium/service/InOrderTraversal.class]
2021-07-08 10:26:09.139 DEBUG[main]o.s.context.annotation.ClassPathBeanDefinitionScanner.scanCandidateComponents:435 -Identified candidate component class: file [/home/hsuhau/GitHub/hsuhau/leet-code/leet-code-medium/target/classes/com/hsuhau/medium/service/IntToRoman.class]
2021-07-08 10:26:09.140 DEBUG[main]o.s.context.annotation.ClassPathBeanDefinitionScanner.scanCandidateComponents:435 -Identified candidate component class: file [/home/hsuhau/GitHub/hsuhau/leet-code/leet-code-medium/target/classes/com/hsuhau/medium/service/LengthOfLongestSubstring.class]
2021-07-08 10:26:09.144 DEBUG[main]o.s.context.annotation.ClassPathBeanDefinitionScanner.scanCandidateComponents:435 -Identified candidate component class: file [/home/hsuhau/GitHub/hsuhau/leet-code/leet-code-medium/target/classes/com/hsuhau/medium/service/LetterCombinations.class]
2021-07-08 10:26:09.147 DEBUG[main]o.s.context.annotation.ClassPathBeanDefinitionScanner.scanCandidateComponents:435 -Identified candidate component class: file [/home/hsuhau/GitHub/hsuhau/leet-code/leet-code-medium/target/classes/com/hsuhau/medium/service/LevelOrder.class]
2021-07-08 10:26:09.149 DEBUG[main]o.s.context.annotation.ClassPathBeanDefinitionScanner.scanCandidateComponents:435 -Identified candidate component class: file [/home/hsuhau/GitHub/hsuhau/leet-code/leet-code-medium/target/classes/com/hsuhau/medium/service/LongestPalindrome.class]
2021-07-08 10:26:09.150 DEBUG[main]o.s.context.annotation.ClassPathBeanDefinitionScanner.scanCandidateComponents:435 -Identified candidate component class: file [/home/hsuhau/GitHub/hsuhau/leet-code/leet-code-medium/target/classes/com/hsuhau/medium/service/MapSum.class]
2021-07-08 10:26:09.152 DEBUG[main]o.s.context.annotation.ClassPathBeanDefinitionScanner.scanCandidateComponents:435 -Identified candidate component class: file [/home/hsuhau/GitHub/hsuhau/leet-code/leet-code-medium/target/classes/com/hsuhau/medium/service/MaxDepthAfterSpilt.class]
2021-07-08 10:26:09.153 DEBUG[main]o.s.context.annotation.ClassPathBeanDefinitionScanner.scanCandidateComponents:435 -Identified candidate component class: file [/home/hsuhau/GitHub/hsuhau/leet-code/leet-code-medium/target/classes/com/hsuhau/medium/service/MinPathSum.class]
2021-07-08 10:26:09.154 DEBUG[main]o.s.context.annotation.ClassPathBeanDefinitionScanner.scanCandidateComponents:435 -Identified candidate component class: file [/home/hsuhau/GitHub/hsuhau/leet-code/leet-code-medium/target/classes/com/hsuhau/medium/service/MyPow.class]
2021-07-08 10:26:09.156 DEBUG[main]o.s.context.annotation.ClassPathBeanDefinitionScanner.scanCandidateComponents:435 -Identified candidate component class: file [/home/hsuhau/GitHub/hsuhau/leet-code/leet-code-medium/target/classes/com/hsuhau/medium/service/NestedIterator.class]
2021-07-08 10:26:09.159 DEBUG[main]o.s.context.annotation.ClassPathBeanDefinitionScanner.scanCandidateComponents:435 -Identified candidate component class: file [/home/hsuhau/GitHub/hsuhau/leet-code/leet-code-medium/target/classes/com/hsuhau/medium/service/NextGreaterElement.class]
2021-07-08 10:26:09.161 DEBUG[main]o.s.context.annotation.ClassPathBeanDefinitionScanner.scanCandidateComponents:435 -Identified candidate component class: file [/home/hsuhau/GitHub/hsuhau/leet-code/leet-code-medium/target/classes/com/hsuhau/medium/service/NthSuperUglyNumber.class]
2021-07-08 10:26:09.163 DEBUG[main]o.s.context.annotation.ClassPathBeanDefinitionScanner.scanCandidateComponents:435 -Identified candidate component class: file [/home/hsuhau/GitHub/hsuhau/leet-code/leet-code-medium/target/classes/com/hsuhau/medium/service/NthUglyNumber.class]
2021-07-08 10:26:09.165 DEBUG[main]o.s.context.annotation.ClassPathBeanDefinitionScanner.scanCandidateComponents:435 -Identified candidate component class: file [/home/hsuhau/GitHub/hsuhau/leet-code/leet-code-medium/target/classes/com/hsuhau/medium/service/Partition.class]
2021-07-08 10:26:09.167 DEBUG[main]o.s.context.annotation.ClassPathBeanDefinitionScanner.scanCandidateComponents:435 -Identified candidate component class: file [/home/hsuhau/GitHub/hsuhau/leet-code/leet-code-medium/target/classes/com/hsuhau/medium/service/PeekingIterator.class]
2021-07-08 10:26:09.169 DEBUG[main]o.s.context.annotation.ClassPathBeanDefinitionScanner.scanCandidateComponents:435 -Identified candidate component class: file [/home/hsuhau/GitHub/hsuhau/leet-code/leet-code-medium/target/classes/com/hsuhau/medium/service/PreOrderTraversal.class]
2021-07-08 10:26:09.171 DEBUG[main]o.s.context.annotation.ClassPathBeanDefinitionScanner.scanCandidateComponents:435 -Identified candidate component class: file [/home/hsuhau/GitHub/hsuhau/leet-code/leet-code-medium/target/classes/com/hsuhau/medium/service/PrimePalindrome.class]
2021-07-08 10:26:09.172 DEBUG[main]o.s.context.annotation.ClassPathBeanDefinitionScanner.scanCandidateComponents:435 -Identified candidate component class: file [/home/hsuhau/GitHub/hsuhau/leet-code/leet-code-medium/target/classes/com/hsuhau/medium/service/PruneTree.class]
2021-07-08 10:26:09.174 DEBUG[main]o.s.context.annotation.ClassPathBeanDefinitionScanner.scanCandidateComponents:435 -Identified candidate component class: file [/home/hsuhau/GitHub/hsuhau/leet-code/leet-code-medium/target/classes/com/hsuhau/medium/service/ReconstructQueue.class]
2021-07-08 10:26:09.176 DEBUG[main]o.s.context.annotation.ClassPathBeanDefinitionScanner.scanCandidateComponents:435 -Identified candidate component class: file [/home/hsuhau/GitHub/hsuhau/leet-code/leet-code-medium/target/classes/com/hsuhau/medium/service/Robot.class]
2021-07-08 10:26:09.180 DEBUG[main]o.s.context.annotation.ClassPathBeanDefinitionScanner.scanCandidateComponents:435 -Identified candidate component class: file [/home/hsuhau/GitHub/hsuhau/leet-code/leet-code-medium/target/classes/com/hsuhau/medium/service/SingleNumber.class]
2021-07-08 10:26:09.183 DEBUG[main]o.s.context.annotation.ClassPathBeanDefinitionScanner.scanCandidateComponents:435 -Identified candidate component class: file [/home/hsuhau/GitHub/hsuhau/leet-code/leet-code-medium/target/classes/com/hsuhau/medium/service/SortList.class]
2021-07-08 10:26:09.185 DEBUG[main]o.s.context.annotation.ClassPathBeanDefinitionScanner.scanCandidateComponents:435 -Identified candidate component class: file [/home/hsuhau/GitHub/hsuhau/leet-code/leet-code-medium/target/classes/com/hsuhau/medium/service/Subsets.class]
2021-07-08 10:26:09.186 DEBUG[main]o.s.context.annotation.ClassPathBeanDefinitionScanner.scanCandidateComponents:435 -Identified candidate component class: file [/home/hsuhau/GitHub/hsuhau/leet-code/leet-code-medium/target/classes/com/hsuhau/medium/service/TinyURL.class]
2021-07-08 10:26:09.575 DEBUG[main]o.s.core.env.PropertySourcesPropertyResolver.logKeyFound:115 -Found key 'spring.jmx.enabled' in PropertySource 'configurationProperties' with value of type String
2021-07-08 10:26:09.959 DEBUG[main]o.s.beans.factory.support.DefaultListableBeanFactory.getSingleton:213 -Creating shared instance of singleton bean 'propertySourcesPlaceholderConfigurer'
2021-07-08 10:26:09.977 DEBUG[main]o.s.beans.factory.support.DefaultListableBeanFactory.getSingleton:213 -Creating shared instance of singleton bean 'org.springframework.boot.test.mock.mockito.MockitoPostProcessor'
2021-07-08 10:26:09.994 DEBUG[main]o.s.beans.factory.support.DefaultListableBeanFactory.getSingleton:213 -Creating shared instance of singleton bean 'org.springframework.boot.context.properties.ConfigurationPropertiesBeanDefinitionValidator'
2021-07-08 10:26:10.048 DEBUG[main]o.s.beans.factory.support.DefaultListableBeanFactory.getSingleton:213 -Creating shared instance of singleton bean 'org.springframework.context.event.internalEventListenerProcessor'
2021-07-08 10:26:10.053 DEBUG[main]o.s.beans.factory.support.DefaultListableBeanFactory.getSingleton:213 -Creating shared instance of singleton bean 'org.springframework.context.event.internalEventListenerFactory'
2021-07-08 10:26:10.060 DEBUG[main]o.s.beans.factory.support.DefaultListableBeanFactory.getSingleton:213 -Creating shared instance of singleton bean 'org.springframework.context.annotation.internalAutowiredAnnotationProcessor'
2021-07-08 10:26:10.062 DEBUG[main]o.s.beans.factory.support.DefaultListableBeanFactory.getSingleton:213 -Creating shared instance of singleton bean 'org.springframework.context.annotation.internalCommonAnnotationProcessor'
2021-07-08 10:26:10.071 DEBUG[main]o.s.beans.factory.support.DefaultListableBeanFactory.getSingleton:213 -Creating shared instance of singleton bean 'org.springframework.boot.test.mock.mockito.MockitoPostProcessor$SpyPostProcessor'
2021-07-08 10:26:10.075 DEBUG[main]o.s.beans.factory.support.DefaultListableBeanFactory.getSingleton:213 -Creating shared instance of singleton bean 'org.springframework.boot.context.properties.ConfigurationPropertiesBindingPostProcessor'
2021-07-08 10:26:10.076 DEBUG[main]o.s.beans.factory.support.DefaultListableBeanFactory.getSingleton:213 -Creating shared instance of singleton bean 'org.springframework.boot.context.internalConfigurationPropertiesBinder'
2021-07-08 10:26:10.077 DEBUG[main]o.s.beans.factory.support.DefaultListableBeanFactory.getSingleton:213 -Creating shared instance of singleton bean 'org.springframework.boot.context.internalConfigurationPropertiesBinderFactory'
2021-07-08 10:26:10.089 DEBUG[main]o.s.beans.factory.support.DefaultListableBeanFactory.getSingleton:213 -Creating shared instance of singleton bean 'mainApplication'
2021-07-08 10:26:10.114 DEBUG[main]o.s.beans.factory.support.DefaultListableBeanFactory.getSingleton:213 -Creating shared instance of singleton bean 'addTwoNumbers'
2021-07-08 10:26:10.119 DEBUG[main]o.s.beans.factory.support.DefaultListableBeanFactory.getSingleton:213 -Creating shared instance of singleton bean 'combinationSum'
2021-07-08 10:26:10.124 DEBUG[main]o.s.beans.factory.support.DefaultListableBeanFactory.getSingleton:213 -Creating shared instance of singleton bean 'constructMaximumBinaryTree'
2021-07-08 10:26:10.129 DEBUG[main]o.s.beans.factory.support.DefaultListableBeanFactory.getSingleton:213 -Creating shared instance of singleton bean 'countBits'
2021-07-08 10:26:10.133 DEBUG[main]o.s.beans.factory.support.DefaultListableBeanFactory.getSingleton:213 -Creating shared instance of singleton bean 'countSubstrings'
2021-07-08 10:26:10.137 DEBUG[main]o.s.beans.factory.support.DefaultListableBeanFactory.getSingleton:213 -Creating shared instance of singleton bean 'equalSubstring'
2021-07-08 10:26:10.141 DEBUG[main]o.s.beans.factory.support.DefaultListableBeanFactory.getSingleton:213 -Creating shared instance of singleton bean 'findAndReplacePattern'
2021-07-08 10:26:10.146 DEBUG[main]o.s.beans.factory.support.DefaultListableBeanFactory.getSingleton:213 -Creating shared instance of singleton bean 'findCircleNum'
2021-07-08 10:26:10.150 DEBUG[main]o.s.beans.factory.support.DefaultListableBeanFactory.getSingleton:213 -Creating shared instance of singleton bean 'findDuplicate'
2021-07-08 10:26:10.154 DEBUG[main]o.s.beans.factory.support.DefaultListableBeanFactory.getSingleton:213 -Creating shared instance of singleton bean 'flatten'
2021-07-08 10:26:10.158 DEBUG[main]o.s.beans.factory.support.DefaultListableBeanFactory.getSingleton:213 -Creating shared instance of singleton bean 'fourSum'
2021-07-08 10:26:10.163 DEBUG[main]o.s.beans.factory.support.DefaultListableBeanFactory.getSingleton:213 -Creating shared instance of singleton bean 'generateParenthesis'
2021-07-08 10:26:10.168 DEBUG[main]o.s.beans.factory.support.DefaultListableBeanFactory.getSingleton:213 -Creating shared instance of singleton bean 'getMaximumGold'
2021-07-08 10:26:10.172 DEBUG[main]o.s.beans.factory.support.DefaultListableBeanFactory.getSingleton:213 -Creating shared instance of singleton bean 'inOrderTraversal'
2021-07-08 10:26:10.176 DEBUG[main]o.s.beans.factory.support.DefaultListableBeanFactory.getSingleton:213 -Creating shared instance of singleton bean 'intToRoman'
2021-07-08 10:26:10.181 DEBUG[main]o.s.beans.factory.support.DefaultListableBeanFactory.getSingleton:213 -Creating shared instance of singleton bean 'lengthOfLongestSubstring'
2021-07-08 10:26:10.188 DEBUG[main]o.s.beans.factory.support.DefaultListableBeanFactory.getSingleton:213 -Creating shared instance of singleton bean 'letterCombinations'
2021-07-08 10:26:10.193 DEBUG[main]o.s.beans.factory.support.DefaultListableBeanFactory.getSingleton:213 -Creating shared instance of singleton bean 'levelOrder'
2021-07-08 10:26:10.198 DEBUG[main]o.s.beans.factory.support.DefaultListableBeanFactory.getSingleton:213 -Creating shared instance of singleton bean 'longestPalindrome'
2021-07-08 10:26:10.202 DEBUG[main]o.s.beans.factory.support.DefaultListableBeanFactory.getSingleton:213 -Creating shared instance of singleton bean 'mapSum'
2021-07-08 10:26:10.207 DEBUG[main]o.s.beans.factory.support.DefaultListableBeanFactory.getSingleton:213 -Creating shared instance of singleton bean 'maxDepthAfterSpilt'
2021-07-08 10:26:10.212 DEBUG[main]o.s.beans.factory.support.DefaultListableBeanFactory.getSingleton:213 -Creating shared instance of singleton bean 'minPathSum'
2021-07-08 10:26:10.216 DEBUG[main]o.s.beans.factory.support.DefaultListableBeanFactory.getSingleton:213 -Creating shared instance of singleton bean 'myPow'
2021-07-08 10:26:10.220 DEBUG[main]o.s.beans.factory.support.DefaultListableBeanFactory.getSingleton:213 -Creating shared instance of singleton bean 'nestedIterator'
2021-07-08 10:26:10.233 DEBUG[main]o.s.beans.factory.support.DefaultListableBeanFactory.getSingleton:213 -Creating shared instance of singleton bean 'nextGreaterElement'
2021-07-08 10:26:10.237 DEBUG[main]o.s.beans.factory.support.DefaultListableBeanFactory.getSingleton:213 -Creating shared instance of singleton bean 'nthSuperUglyNumber'
2021-07-08 10:26:10.241 DEBUG[main]o.s.beans.factory.support.DefaultListableBeanFactory.getSingleton:213 -Creating shared instance of singleton bean 'nthUglyNumber'
2021-07-08 10:26:10.248 DEBUG[main]o.s.beans.factory.support.DefaultListableBeanFactory.getSingleton:213 -Creating shared instance of singleton bean 'partition'
2021-07-08 10:26:10.252 DEBUG[main]o.s.beans.factory.support.DefaultListableBeanFactory.getSingleton:213 -Creating shared instance of singleton bean 'peekingIterator'
2021-07-08 10:26:10.257 DEBUG[main]o.s.beans.factory.support.DefaultListableBeanFactory.getSingleton:213 -Creating shared instance of singleton bean 'preOrderTraversal'
2021-07-08 10:26:10.262 DEBUG[main]o.s.beans.factory.support.DefaultListableBeanFactory.getSingleton:213 -Creating shared instance of singleton bean 'primePalindrome'
2021-07-08 10:26:10.266 DEBUG[main]o.s.beans.factory.support.DefaultListableBeanFactory.getSingleton:213 -Creating shared instance of singleton bean 'pruneTree'
2021-07-08 10:26:10.270 DEBUG[main]o.s.beans.factory.support.DefaultListableBeanFactory.getSingleton:213 -Creating shared instance of singleton bean 'reconstructQueue'
2021-07-08 10:26:10.273 DEBUG[main]o.s.beans.factory.support.DefaultListableBeanFactory.getSingleton:213 -Creating shared instance of singleton bean 'robot'
2021-07-08 10:26:10.278 DEBUG[main]o.s.beans.factory.support.DefaultListableBeanFactory.getSingleton:213 -Creating shared instance of singleton bean 'singleNumber'
2021-07-08 10:26:10.282 DEBUG[main]o.s.beans.factory.support.DefaultListableBeanFactory.getSingleton:213 -Creating shared instance of singleton bean 'sortList'
2021-07-08 10:26:10.286 DEBUG[main]o.s.beans.factory.support.DefaultListableBeanFactory.getSingleton:213 -Creating shared instance of singleton bean 'subsets'
2021-07-08 10:26:10.289 DEBUG[main]o.s.beans.factory.support.DefaultListableBeanFactory.getSingleton:213 -Creating shared instance of singleton bean 'tinyURL'
2021-07-08 10:26:10.293 DEBUG[main]o.s.beans.factory.support.DefaultListableBeanFactory.getSingleton:213 -Creating shared instance of singleton bean 'org.springframework.boot.autoconfigure.AutoConfigurationPackages'
2021-07-08 10:26:10.298 DEBUG[main]o.s.beans.factory.support.DefaultListableBeanFactory.getSingleton:213 -Creating shared instance of singleton bean 'org.springframework.boot.autoconfigure.context.PropertyPlaceholderAutoConfiguration'
2021-07-08 10:26:10.302 DEBUG[main]o.s.beans.factory.support.DefaultListableBeanFactory.getSingleton:213 -Creating shared instance of singleton bean 'org.springframework.boot.autoconfigure.aop.AopAutoConfiguration$ClassProxyingConfiguration'
2021-07-08 10:26:10.304 DEBUG[main]o.s.beans.factory.support.DefaultListableBeanFactory.createArgumentArray:806 -Autowiring by type from bean name 'org.springframework.boot.autoconfigure.aop.AopAutoConfiguration$ClassProxyingConfiguration' via constructor to bean named 'org.springframework.beans.factory.support.DefaultListableBeanFactory@481ba2cf'
2021-07-08 10:26:10.316 DEBUG[main]o.s.beans.factory.support.DefaultListableBeanFactory.getSingleton:213 -Creating shared instance of singleton bean 'org.springframework.boot.autoconfigure.aop.AopAutoConfiguration'
2021-07-08 10:26:10.318 DEBUG[main]o.s.beans.factory.support.DefaultListableBeanFactory.getSingleton:213 -Creating shared instance of singleton bean 'org.springframework.boot.autoconfigure.context.ConfigurationPropertiesAutoConfiguration'
2021-07-08 10:26:10.321 DEBUG[main]o.s.beans.factory.support.DefaultListableBeanFactory.getSingleton:213 -Creating shared instance of singleton bean 'org.springframework.boot.context.properties.ConfigurationBeanFactoryMetadata'
2021-07-08 10:26:10.326 DEBUG[main]o.s.beans.factory.support.DefaultListableBeanFactory.getSingleton:213 -Creating shared instance of singleton bean 'org.springframework.boot.autoconfigure.info.ProjectInfoAutoConfiguration'
2021-07-08 10:26:10.333 DEBUG[main]o.s.beans.factory.support.DefaultListableBeanFactory.getSingleton:213 -Creating shared instance of singleton bean 'spring.info-org.springframework.boot.autoconfigure.info.ProjectInfoProperties'
2021-07-08 10:26:10.362 DEBUG[main]o.s.beans.factory.support.DefaultListableBeanFactory.createArgumentArray:806 -Autowiring by type from bean name 'org.springframework.boot.autoconfigure.info.ProjectInfoAutoConfiguration' via constructor to bean named 'spring.info-org.springframework.boot.autoconfigure.info.ProjectInfoProperties'
2021-07-08 10:26:10.365 DEBUG[main]o.s.beans.factory.support.DefaultListableBeanFactory.getSingleton:213 -Creating shared instance of singleton bean 'org.springframework.boot.autoconfigure.task.TaskExecutionAutoConfiguration'
2021-07-08 10:26:10.370 DEBUG[main]o.s.beans.factory.support.DefaultListableBeanFactory.getSingleton:213 -Creating shared instance of singleton bean 'taskExecutorBuilder'
2021-07-08 10:26:10.374 DEBUG[main]o.s.beans.factory.support.DefaultListableBeanFactory.getSingleton:213 -Creating shared instance of singleton bean 'spring.task.execution-org.springframework.boot.autoconfigure.task.TaskExecutionProperties'
2021-07-08 10:26:10.403 DEBUG[main]o.s.beans.factory.support.DefaultListableBeanFactory.createArgumentArray:806 -Autowiring by type from bean name 'taskExecutorBuilder' via factory method to bean named 'spring.task.execution-org.springframework.boot.autoconfigure.task.TaskExecutionProperties'
2021-07-08 10:26:10.417 DEBUG[main]o.s.beans.factory.support.DefaultListableBeanFactory.getSingleton:213 -Creating shared instance of singleton bean 'org.springframework.boot.autoconfigure.task.TaskSchedulingAutoConfiguration'
2021-07-08 10:26:10.426 DEBUG[main]o.s.beans.factory.support.DefaultListableBeanFactory.getSingleton:213 -Creating shared instance of singleton bean 'taskSchedulerBuilder'
2021-07-08 10:26:10.429 DEBUG[main]o.s.beans.factory.support.DefaultListableBeanFactory.getSingleton:213 -Creating shared instance of singleton bean 'spring.task.scheduling-org.springframework.boot.autoconfigure.task.TaskSchedulingProperties'
2021-07-08 10:26:10.437 DEBUG[main]o.s.beans.factory.support.DefaultListableBeanFactory.createArgumentArray:806 -Autowiring by type from bean name 'taskSchedulerBuilder' via factory method to bean named 'spring.task.scheduling-org.springframework.boot.autoconfigure.task.TaskSchedulingProperties'
2021-07-08 10:26:10.702 DEBUG[main]o.s.b.a.logging.ConditionEvaluationReportLoggingListener.logAutoConfigurationReport:126 -


============================
CONDITIONS EVALUATION REPORT
============================


Positive matches:
-----------------

   AopAutoConfiguration matched:
      - @ConditionalOnProperty (spring.aop.auto=true) matched (OnPropertyCondition)

   AopAutoConfiguration.ClassProxyingConfiguration matched:
      - @ConditionalOnMissingClass did not find unwanted class 'org.aspectj.weaver.Advice' (OnClassCondition)
      - @ConditionalOnProperty (spring.aop.proxy-target-class=true) matched (OnPropertyCondition)

   GenericCacheConfiguration matched:
      - Cache org.springframework.boot.autoconfigure.cache.GenericCacheConfiguration automatic cache type (CacheCondition)

   NoOpCacheConfiguration matched:
      - Cache org.springframework.boot.autoconfigure.cache.NoOpCacheConfiguration automatic cache type (CacheCondition)

   PropertyPlaceholderAutoConfiguration#propertySourcesPlaceholderConfigurer matched:
      - @ConditionalOnMissingBean (types: org.springframework.context.support.PropertySourcesPlaceholderConfigurer; SearchStrategy: current) did not find any beans (OnBeanCondition)

   SimpleCacheConfiguration matched:
      - Cache org.springframework.boot.autoconfigure.cache.SimpleCacheConfiguration automatic cache type (CacheCondition)

   TaskExecutionAutoConfiguration matched:
      - @ConditionalOnClass found required class 'org.springframework.scheduling.concurrent.ThreadPoolTaskExecutor' (OnClassCondition)

   TaskExecutionAutoConfiguration#applicationTaskExecutor matched:
      - @ConditionalOnMissingBean (types: java.util.concurrent.Executor; SearchStrategy: all) did not find any beans (OnBeanCondition)

   TaskExecutionAutoConfiguration#taskExecutorBuilder matched:
      - @ConditionalOnMissingBean (types: org.springframework.boot.task.TaskExecutorBuilder; SearchStrategy: all) did not find any beans (OnBeanCondition)

   TaskSchedulingAutoConfiguration matched:
      - @ConditionalOnClass found required class 'org.springframework.scheduling.concurrent.ThreadPoolTaskScheduler' (OnClassCondition)

   TaskSchedulingAutoConfiguration#taskSchedulerBuilder matched:
      - @ConditionalOnMissingBean (types: org.springframework.boot.task.TaskSchedulerBuilder; SearchStrategy: all) did not find any beans (OnBeanCondition)


Negative matches:
-----------------

   ActiveMQAutoConfiguration:
      Did not match:
         - @ConditionalOnClass did not find required class 'javax.jms.ConnectionFactory' (OnClassCondition)

   AopAutoConfiguration.AspectJAutoProxyingConfiguration:
      Did not match:
         - @ConditionalOnClass did not find required class 'org.aspectj.weaver.Advice' (OnClassCondition)

   ArtemisAutoConfiguration:
      Did not match:
         - @ConditionalOnClass did not find required class 'javax.jms.ConnectionFactory' (OnClassCondition)

   BatchAutoConfiguration:
      Did not match:
         - @ConditionalOnClass did not find required class 'org.springframework.batch.core.launch.JobLauncher' (OnClassCondition)

   CacheAutoConfiguration:
      Did not match:
         - @ConditionalOnBean (types: org.springframework.cache.interceptor.CacheAspectSupport; SearchStrategy: all) did not find any beans of type org.springframework.cache.interceptor.CacheAspectSupport (OnBeanCondition)
      Matched:
         - @ConditionalOnClass found required class 'org.springframework.cache.CacheManager' (OnClassCondition)

   CacheAutoConfiguration.CacheManagerEntityManagerFactoryDependsOnPostProcessor:
      Did not match:
         - @ConditionalOnClass did not find required class 'org.springframework.orm.jpa.LocalContainerEntityManagerFactoryBean' (OnClassCondition)
         - Ancestor org.springframework.boot.autoconfigure.cache.CacheAutoConfiguration did not match (ConditionEvaluationReport.AncestorsMatchedCondition)

   CaffeineCacheConfiguration:
      Did not match:
         - @ConditionalOnClass did not find required classes 'com.github.benmanes.caffeine.cache.Caffeine', 'org.springframework.cache.caffeine.CaffeineCacheManager' (OnClassCondition)

   CassandraAutoConfiguration:
      Did not match:
         - @ConditionalOnClass did not find required class 'com.datastax.driver.core.Cluster' (OnClassCondition)

   CassandraDataAutoConfiguration:
      Did not match:
         - @ConditionalOnClass did not find required class 'com.datastax.driver.core.Cluster' (OnClassCondition)

   CassandraReactiveDataAutoConfiguration:
      Did not match:
         - @ConditionalOnClass did not find required class 'com.datastax.driver.core.Cluster' (OnClassCondition)

   CassandraReactiveRepositoriesAutoConfiguration:
      Did not match:
         - @ConditionalOnClass did not find required class 'org.springframework.data.cassandra.ReactiveSession' (OnClassCondition)

   CassandraRepositoriesAutoConfiguration:
      Did not match:
         - @ConditionalOnClass did not find required class 'com.datastax.driver.core.Session' (OnClassCondition)

   ClientHttpConnectorAutoConfiguration:
      Did not match:
         - @ConditionalOnClass did not find required class 'org.springframework.web.reactive.function.client.WebClient' (OnClassCondition)

   CloudServiceConnectorsAutoConfiguration:
      Did not match:
         - @ConditionalOnClass did not find required class 'org.springframework.cloud.config.java.CloudScanConfiguration' (OnClassCondition)

   CodecsAutoConfiguration:
      Did not match:
         - @ConditionalOnClass did not find required class 'org.springframework.http.codec.CodecConfigurer' (OnClassCondition)

   CouchbaseAutoConfiguration:
      Did not match:
         - @ConditionalOnClass did not find required class 'com.couchbase.client.java.Cluster' (OnClassCondition)

   CouchbaseCacheConfiguration:
      Did not match:
         - @ConditionalOnClass did not find required classes 'com.couchbase.client.java.Bucket', 'com.couchbase.client.spring.cache.CouchbaseCacheManager' (OnClassCondition)

   CouchbaseDataAutoConfiguration:
      Did not match:
         - @ConditionalOnClass did not find required class 'com.couchbase.client.java.Bucket' (OnClassCondition)

   CouchbaseReactiveDataAutoConfiguration:
      Did not match:
         - @ConditionalOnClass did not find required class 'com.couchbase.client.java.Bucket' (OnClassCondition)

   CouchbaseReactiveRepositoriesAutoConfiguration:
      Did not match:
         - @ConditionalOnClass did not find required class 'com.couchbase.client.java.Bucket' (OnClassCondition)

   CouchbaseRepositoriesAutoConfiguration:
      Did not match:
         - @ConditionalOnClass did not find required class 'com.couchbase.client.java.Bucket' (OnClassCondition)

   DataSourceAutoConfiguration:
      Did not match:
         - @ConditionalOnClass did not find required class 'org.springframework.jdbc.datasource.embedded.EmbeddedDatabaseType' (OnClassCondition)

   DataSourceTransactionManagerAutoConfiguration:
      Did not match:
         - @ConditionalOnClass did not find required class 'org.springframework.jdbc.core.JdbcTemplate' (OnClassCondition)

   DevToolsDataSourceAutoConfiguration:
      Did not match:
         - Devtools devtools is disabled for current context. (OnEnabledDevToolsCondition)

   DispatcherServletAutoConfiguration:
      Did not match:
         - @ConditionalOnClass did not find required class 'org.springframework.web.servlet.DispatcherServlet' (OnClassCondition)

   EhCacheCacheConfiguration:
      Did not match:
         - @ConditionalOnClass did not find required classes 'net.sf.ehcache.Cache', 'org.springframework.cache.ehcache.EhCacheCacheManager' (OnClassCondition)

   ElasticsearchAutoConfiguration:
      Did not match:
         - @ConditionalOnClass did not find required class 'org.elasticsearch.client.Client' (OnClassCondition)

   ElasticsearchDataAutoConfiguration:
      Did not match:
         - @ConditionalOnClass did not find required class 'org.springframework.data.elasticsearch.core.ElasticsearchTemplate' (OnClassCondition)

   ElasticsearchRepositoriesAutoConfiguration:
      Did not match:
         - @ConditionalOnClass did not find required class 'org.elasticsearch.client.Client' (OnClassCondition)

   EmbeddedLdapAutoConfiguration:
      Did not match:
         - @ConditionalOnClass did not find required class 'com.unboundid.ldap.listener.InMemoryDirectoryServer' (OnClassCondition)

   EmbeddedMongoAutoConfiguration:
      Did not match:
         - @ConditionalOnClass did not find required class 'com.mongodb.MongoClient' (OnClassCondition)

   EmbeddedWebServerFactoryCustomizerAutoConfiguration:
      Did not match:
         - @ConditionalOnWebApplication did not find reactive or servlet web application classes (OnWebApplicationCondition)

   ErrorMvcAutoConfiguration:
      Did not match:
         - @ConditionalOnClass did not find required class 'javax.servlet.Servlet' (OnClassCondition)

   ErrorWebFluxAutoConfiguration:
      Did not match:
         - @ConditionalOnClass did not find required class 'org.springframework.web.reactive.config.WebFluxConfigurer' (OnClassCondition)

   FlywayAutoConfiguration:
      Did not match:
         - @ConditionalOnClass did not find required class 'org.flywaydb.core.Flyway' (OnClassCondition)

   FreeMarkerAutoConfiguration:
      Did not match:
         - @ConditionalOnClass did not find required class 'freemarker.template.Configuration' (OnClassCondition)

   GroovyTemplateAutoConfiguration:
      Did not match:
         - @ConditionalOnClass did not find required class 'groovy.text.markup.MarkupTemplateEngine' (OnClassCondition)

   GsonAutoConfiguration:
      Did not match:
         - @ConditionalOnClass did not find required class 'com.google.gson.Gson' (OnClassCondition)

   H2ConsoleAutoConfiguration:
      Did not match:
         - @ConditionalOnClass did not find required class 'org.h2.server.web.WebServlet' (OnClassCondition)

   HazelcastAutoConfiguration:
      Did not match:
         - @ConditionalOnClass did not find required class 'com.hazelcast.core.HazelcastInstance' (OnClassCondition)

   HazelcastCacheConfiguration:
      Did not match:
         - @ConditionalOnClass did not find required classes 'com.hazelcast.core.HazelcastInstance', 'com.hazelcast.spring.cache.HazelcastCacheManager' (OnClassCondition)

   HazelcastJpaDependencyAutoConfiguration:
      Did not match:
         - @ConditionalOnClass did not find required class 'com.hazelcast.core.HazelcastInstance' (OnClassCondition)

   HibernateJpaAutoConfiguration:
      Did not match:
         - @ConditionalOnClass did not find required class 'javax.persistence.EntityManager' (OnClassCondition)

   HttpEncodingAutoConfiguration:
      Did not match:
         - @ConditionalOnClass did not find required class 'org.springframework.web.filter.CharacterEncodingFilter' (OnClassCondition)

   HttpHandlerAutoConfiguration:
      Did not match:
         - @ConditionalOnClass did not find required class 'org.springframework.http.server.reactive.HttpHandler' (OnClassCondition)

   HttpMessageConvertersAutoConfiguration:
      Did not match:
         - @ConditionalOnClass did not find required class 'org.springframework.http.converter.HttpMessageConverter' (OnClassCondition)

   HypermediaAutoConfiguration:
      Did not match:
         - @ConditionalOnClass did not find required class 'org.springframework.hateoas.EntityModel' (OnClassCondition)

   InfinispanCacheConfiguration:
      Did not match:
         - @ConditionalOnClass did not find required class 'org.infinispan.spring.embedded.provider.SpringEmbeddedCacheManager' (OnClassCondition)

   InfluxDbAutoConfiguration:
      Did not match:
         - @ConditionalOnClass did not find required class 'org.influxdb.InfluxDB' (OnClassCondition)

   IntegrationAutoConfiguration:
      Did not match:
         - @ConditionalOnClass did not find required class 'org.springframework.integration.config.EnableIntegration' (OnClassCondition)

   JCacheCacheConfiguration:
      Did not match:
         - @ConditionalOnClass did not find required classes 'javax.cache.Caching', 'org.springframework.cache.jcache.JCacheCacheManager' (OnClassCondition)

   JacksonAutoConfiguration:
      Did not match:
         - @ConditionalOnClass did not find required class 'com.fasterxml.jackson.databind.ObjectMapper' (OnClassCondition)

   JdbcRepositoriesAutoConfiguration:
      Did not match:
         - @ConditionalOnClass did not find required class 'org.springframework.data.jdbc.repository.config.AbstractJdbcConfiguration' (OnClassCondition)

   JdbcTemplateAutoConfiguration:
      Did not match:
         - @ConditionalOnClass did not find required class 'org.springframework.jdbc.core.JdbcTemplate' (OnClassCondition)

   JerseyAutoConfiguration:
      Did not match:
         - @ConditionalOnClass did not find required class 'javax.servlet.ServletRegistration' (OnClassCondition)

   JestAutoConfiguration:
      Did not match:
         - @ConditionalOnClass did not find required class 'io.searchbox.client.JestClient' (OnClassCondition)

   JmsAutoConfiguration:
      Did not match:
         - @ConditionalOnClass did not find required class 'javax.jms.Message' (OnClassCondition)

   JmxAutoConfiguration:
      Did not match:
         - @ConditionalOnProperty (spring.jmx.enabled=true) found different value in property 'enabled' (OnPropertyCondition)
      Matched:
         - @ConditionalOnClass found required class 'org.springframework.jmx.export.MBeanExporter' (OnClassCondition)

   JndiConnectionFactoryAutoConfiguration:
      Did not match:
         - @ConditionalOnClass did not find required class 'org.springframework.jms.core.JmsTemplate' (OnClassCondition)

   JndiDataSourceAutoConfiguration:
      Did not match:
         - @ConditionalOnClass did not find required class 'org.springframework.jdbc.datasource.embedded.EmbeddedDatabaseType' (OnClassCondition)

   JooqAutoConfiguration:
      Did not match:
         - @ConditionalOnClass did not find required class 'org.jooq.DSLContext' (OnClassCondition)

   JpaRepositoriesAutoConfiguration:
      Did not match:
         - @ConditionalOnClass did not find required class 'org.springframework.data.jpa.repository.JpaRepository' (OnClassCondition)

   JsonbAutoConfiguration:
      Did not match:
         - @ConditionalOnClass did not find required class 'javax.json.bind.Jsonb' (OnClassCondition)

   JtaAutoConfiguration:
      Did not match:
         - @ConditionalOnClass did not find required class 'javax.transaction.Transaction' (OnClassCondition)

   KafkaAutoConfiguration:
      Did not match:
         - @ConditionalOnClass did not find required class 'org.springframework.kafka.core.KafkaTemplate' (OnClassCondition)

   LdapAutoConfiguration:
      Did not match:
         - @ConditionalOnClass did not find required class 'org.springframework.ldap.core.ContextSource' (OnClassCondition)

   LdapRepositoriesAutoConfiguration:
      Did not match:
         - @ConditionalOnClass did not find required class 'org.springframework.data.ldap.repository.LdapRepository' (OnClassCondition)

   LiquibaseAutoConfiguration:
      Did not match:
         - @ConditionalOnClass did not find required class 'liquibase.change.DatabaseChange' (OnClassCondition)

   LocalDevToolsAutoConfiguration:
      Did not match:
         - Initialized Restarter Condition initialized without URLs (OnInitializedRestarterCondition)

   MailSenderAutoConfiguration:
      Did not match:
         - @ConditionalOnClass did not find required class 'javax.mail.internet.MimeMessage' (OnClassCondition)

   MailSenderValidatorAutoConfiguration:
      Did not match:
         - @ConditionalOnSingleCandidate did not find required type 'org.springframework.mail.javamail.JavaMailSenderImpl' (OnBeanCondition)

   MessageSourceAutoConfiguration:
      Did not match:
         - ResourceBundle did not find bundle with basename messages (MessageSourceAutoConfiguration.ResourceBundleCondition)

   MongoAutoConfiguration:
      Did not match:
         - @ConditionalOnClass did not find required class 'com.mongodb.MongoClient' (OnClassCondition)

   MongoDataAutoConfiguration:
      Did not match:
         - @ConditionalOnClass did not find required class 'com.mongodb.client.MongoClient' (OnClassCondition)

   MongoReactiveAutoConfiguration:
      Did not match:
         - @ConditionalOnClass did not find required class 'com.mongodb.reactivestreams.client.MongoClient' (OnClassCondition)

   MongoReactiveDataAutoConfiguration:
      Did not match:
         - @ConditionalOnClass did not find required class 'com.mongodb.reactivestreams.client.MongoClient' (OnClassCondition)

   MongoReactiveRepositoriesAutoConfiguration:
      Did not match:
         - @ConditionalOnClass did not find required class 'com.mongodb.reactivestreams.client.MongoClient' (OnClassCondition)

   MongoRepositoriesAutoConfiguration:
      Did not match:
         - @ConditionalOnClass did not find required class 'com.mongodb.MongoClient' (OnClassCondition)

   MultipartAutoConfiguration:
      Did not match:
         - @ConditionalOnClass did not find required class 'javax.servlet.MultipartConfigElement' (OnClassCondition)

   MustacheAutoConfiguration:
      Did not match:
         - @ConditionalOnClass did not find required class 'com.samskivert.mustache.Mustache' (OnClassCondition)

   Neo4jDataAutoConfiguration:
      Did not match:
         - @ConditionalOnClass did not find required class 'org.neo4j.ogm.session.SessionFactory' (OnClassCondition)

   Neo4jRepositoriesAutoConfiguration:
      Did not match:
         - @ConditionalOnClass did not find required class 'org.neo4j.ogm.session.Neo4jSession' (OnClassCondition)

   OAuth2ClientAutoConfiguration:
      Did not match:
         - @ConditionalOnClass did not find required class 'org.springframework.security.config.annotation.web.configuration.EnableWebSecurity' (OnClassCondition)

   OAuth2ResourceServerAutoConfiguration:
      Did not match:
         - @ConditionalOnWebApplication did not find servlet web application classes (OnWebApplicationCondition)

   PersistenceExceptionTranslationAutoConfiguration:
      Did not match:
         - @ConditionalOnClass did not find required class 'org.springframework.dao.annotation.PersistenceExceptionTranslationPostProcessor' (OnClassCondition)

   ProjectInfoAutoConfiguration#buildProperties:
      Did not match:
         - @ConditionalOnResource did not find resource '${spring.info.build.location:classpath:META-INF/build-info.properties}' (OnResourceCondition)

   ProjectInfoAutoConfiguration#gitProperties:
      Did not match:
         - GitResource did not find git info at classpath:git.properties (ProjectInfoAutoConfiguration.GitResourceAvailableCondition)

   QuartzAutoConfiguration:
      Did not match:
         - @ConditionalOnClass did not find required class 'org.quartz.Scheduler' (OnClassCondition)

   RSocketMessagingAutoConfiguration:
      Did not match:
         - @ConditionalOnClass did not find required class 'io.rsocket.RSocketFactory' (OnClassCondition)

   RSocketRequesterAutoConfiguration:
      Did not match:
         - @ConditionalOnClass did not find required class 'io.rsocket.RSocketFactory' (OnClassCondition)

   RSocketSecurityAutoConfiguration:
      Did not match:
         - @ConditionalOnClass did not find required class 'org.springframework.security.rsocket.core.SecuritySocketAcceptorInterceptor' (OnClassCondition)

   RSocketServerAutoConfiguration:
      Did not match:
         - @ConditionalOnClass did not find required class 'io.rsocket.RSocketFactory' (OnClassCondition)

   RSocketStrategiesAutoConfiguration:
      Did not match:
         - @ConditionalOnClass did not find required class 'io.netty.buffer.PooledByteBufAllocator' (OnClassCondition)

   RabbitAutoConfiguration:
      Did not match:
         - @ConditionalOnClass did not find required class 'com.rabbitmq.client.Channel' (OnClassCondition)

   ReactiveElasticsearchRepositoriesAutoConfiguration:
      Did not match:
         - @ConditionalOnClass did not find required class 'org.springframework.data.elasticsearch.client.reactive.ReactiveElasticsearchClient' (OnClassCondition)

   ReactiveOAuth2ClientAutoConfiguration:
      Did not match:
         - @ConditionalOnClass did not find required class 'reactor.core.publisher.Flux' (OnClassCondition)

   ReactiveOAuth2ResourceServerAutoConfiguration:
      Did not match:
         - @ConditionalOnClass did not find required class 'org.springframework.security.config.annotation.web.reactive.EnableWebFluxSecurity' (OnClassCondition)

   ReactiveRestClientAutoConfiguration:
      Did not match:
         - @ConditionalOnClass did not find required class 'reactor.netty.http.client.HttpClient' (OnClassCondition)

   ReactiveSecurityAutoConfiguration:
      Did not match:
         - @ConditionalOnClass did not find required class 'reactor.core.publisher.Flux' (OnClassCondition)

   ReactiveUserDetailsServiceAutoConfiguration:
      Did not match:
         - @ConditionalOnClass did not find required class 'org.springframework.security.authentication.ReactiveAuthenticationManager' (OnClassCondition)

   ReactiveWebServerFactoryAutoConfiguration:
      Did not match:
         - @ConditionalOnClass did not find required class 'org.springframework.http.ReactiveHttpInputMessage' (OnClassCondition)

   RedisAutoConfiguration:
      Did not match:
         - @ConditionalOnClass did not find required class 'org.springframework.data.redis.core.RedisOperations' (OnClassCondition)

   RedisCacheConfiguration:
      Did not match:
         - @ConditionalOnClass did not find required class 'org.springframework.data.redis.connection.RedisConnectionFactory' (OnClassCondition)

   RedisReactiveAutoConfiguration:
      Did not match:
         - @ConditionalOnClass did not find required class 'reactor.core.publisher.Flux' (OnClassCondition)

   RedisRepositoriesAutoConfiguration:
      Did not match:
         - @ConditionalOnClass did not find required class 'org.springframework.data.redis.repository.configuration.EnableRedisRepositories' (OnClassCondition)

   RemoteDevToolsAutoConfiguration:
      Did not match:
         - @ConditionalOnClass did not find required class 'javax.servlet.Filter' (OnClassCondition)

   RepositoryRestMvcAutoConfiguration:
      Did not match:
         - @ConditionalOnClass did not find required class 'org.springframework.data.rest.webmvc.config.RepositoryRestMvcConfiguration' (OnClassCondition)

   RestClientAutoConfiguration:
      Did not match:
         - @ConditionalOnClass did not find required class 'org.elasticsearch.client.RestClient' (OnClassCondition)

   RestTemplateAutoConfiguration:
      Did not match:
         - @ConditionalOnClass did not find required class 'org.springframework.web.client.RestTemplate' (OnClassCondition)

   Saml2RelyingPartyAutoConfiguration:
      Did not match:
         - @ConditionalOnClass did not find required class 'org.springframework.security.saml2.provider.service.registration.RelyingPartyRegistrationRepository' (OnClassCondition)

   SecurityAutoConfiguration:
      Did not match:
         - @ConditionalOnClass did not find required class 'org.springframework.security.authentication.DefaultAuthenticationEventPublisher' (OnClassCondition)

   SecurityFilterAutoConfiguration:
      Did not match:
         - @ConditionalOnClass did not find required class 'org.springframework.security.config.http.SessionCreationPolicy' (OnClassCondition)

   SendGridAutoConfiguration:
      Did not match:
         - @ConditionalOnClass did not find required class 'com.sendgrid.SendGrid' (OnClassCondition)

   ServletWebServerFactoryAutoConfiguration:
      Did not match:
         - @ConditionalOnClass did not find required class 'javax.servlet.ServletRequest' (OnClassCondition)

   SessionAutoConfiguration:
      Did not match:
         - @ConditionalOnClass did not find required class 'org.springframework.session.Session' (OnClassCondition)

   SolrAutoConfiguration:
      Did not match:
         - @ConditionalOnClass did not find required class 'org.apache.solr.client.solrj.impl.CloudSolrClient' (OnClassCondition)

   SolrRepositoriesAutoConfiguration:
      Did not match:
         - @ConditionalOnClass did not find required class 'org.apache.solr.client.solrj.SolrClient' (OnClassCondition)

   SpringApplicationAdminJmxAutoConfiguration:
      Did not match:
         - @ConditionalOnProperty (spring.application.admin.enabled=true) did not find property 'enabled' (OnPropertyCondition)

   SpringDataWebAutoConfiguration:
      Did not match:
         - @ConditionalOnClass did not find required class 'org.springframework.data.web.PageableHandlerMethodArgumentResolver' (OnClassCondition)

   TaskSchedulingAutoConfiguration#taskScheduler:
      Did not match:
         - @ConditionalOnBean (names: org.springframework.context.annotation.internalScheduledAnnotationProcessor; SearchStrategy: all) did not find any beans named org.springframework.context.annotation.internalScheduledAnnotationProcessor (OnBeanCondition)

   ThymeleafAutoConfiguration:
      Did not match:
         - @ConditionalOnClass did not find required class 'org.thymeleaf.spring5.SpringTemplateEngine' (OnClassCondition)

   TransactionAutoConfiguration:
      Did not match:
         - @ConditionalOnClass did not find required class 'org.springframework.transaction.PlatformTransactionManager' (OnClassCondition)

   UserDetailsServiceAutoConfiguration:
      Did not match:
         - @ConditionalOnClass did not find required class 'org.springframework.security.authentication.AuthenticationManager' (OnClassCondition)

   ValidationAutoConfiguration:
      Did not match:
         - @ConditionalOnClass did not find required class 'javax.validation.executable.ExecutableValidator' (OnClassCondition)

   WebClientAutoConfiguration:
      Did not match:
         - @ConditionalOnClass did not find required class 'org.springframework.web.reactive.function.client.WebClient' (OnClassCondition)

   WebFluxAutoConfiguration:
      Did not match:
         - @ConditionalOnClass did not find required class 'org.springframework.web.reactive.config.WebFluxConfigurer' (OnClassCondition)

   WebMvcAutoConfiguration:
      Did not match:
         - @ConditionalOnClass did not find required class 'javax.servlet.Servlet' (OnClassCondition)

   WebServiceTemplateAutoConfiguration:
      Did not match:
         - @ConditionalOnClass did not find required class 'org.springframework.oxm.Marshaller' (OnClassCondition)

   WebServicesAutoConfiguration:
      Did not match:
         - @ConditionalOnClass did not find required class 'org.springframework.ws.transport.http.MessageDispatcherServlet' (OnClassCondition)

   WebSocketMessagingAutoConfiguration:
      Did not match:
         - @ConditionalOnClass did not find required class 'org.springframework.web.socket.config.annotation.WebSocketMessageBrokerConfigurer' (OnClassCondition)

   WebSocketReactiveAutoConfiguration:
      Did not match:
         - @ConditionalOnClass did not find required class 'javax.servlet.Servlet' (OnClassCondition)

   WebSocketServletAutoConfiguration:
      Did not match:
         - @ConditionalOnClass did not find required class 'javax.servlet.Servlet' (OnClassCondition)

   XADataSourceAutoConfiguration:
      Did not match:
         - @ConditionalOnClass did not find required class 'javax.transaction.TransactionManager' (OnClassCondition)


Exclusions:
-----------

    None


Unconditional classes:
----------------------

    org.springframework.boot.autoconfigure.context.ConfigurationPropertiesAutoConfiguration

    org.springframework.boot.autoconfigure.context.PropertyPlaceholderAutoConfiguration

    org.springframework.boot.autoconfigure.info.ProjectInfoAutoConfiguration



2021-07-08 10:26:10.723 INFO [main]com.hsuhau.medium.service.LengthOfLongestSubstringTest.logStarted:61 -Started LengthOfLongestSubstringTest in 4.169 seconds (JVM running for 7.509)
2021-07-08 10:26:10.728 DEBUG[main]org.springframework.boot.devtools.restart.Restarter.logTo:222 -Creating new Restarter for thread Thread[main,5,main]
2021-07-08 10:26:10.730 DEBUG[main]o.s.t.c.cache.DefaultCacheAwareContextLoaderDelegate.loadContext:126 -Storing ApplicationContext [1825719826] in cache under key [[MergedContextConfiguration@2e4b8173 testClass = LengthOfLongestSubstringTest, locations = '{}', classes = '{class com.hsuhau.com.hsuhau.hard.HardApplication, class com.hsuhau.com.hsuhau.hard.HardApplication}', contextInitializerClasses = '[]', activeProfiles = '{}', propertySourceLocations = '{}', propertySourceProperties = '{org.springframework.boot.test.context.SpringBootTestContextBootstrapper=true}', contextCustomizers = set[org.springframework.boot.test.context.filter.ExcludeFilterContextCustomizer@6895a785, org.springframework.boot.test.json.DuplicateJsonObjectContextCustomizerFactory$DuplicateJsonObjectContextCustomizer@1f7030a6, org.springframework.boot.test.mock.mockito.MockitoContextCustomizer@0, org.springframework.boot.test.web.client.TestRestTemplateContextCustomizer@4232c52b, org.springframework.boot.test.autoconfigure.properties.PropertyMappingContextCustomizer@0, org.springframework.boot.test.autoconfigure.web.servlet.WebDriverContextCustomizerFactory$Customizer@2173f6d9], contextLoader = 'org.springframework.boot.test.context.SpringBootContextLoader', parent = [null]]]
2021-07-08 10:26:10.731 DEBUG[main]org.springframework.test.context.cache.logStatistics:290 -Spring test ApplicationContext cache statistics: [DefaultContextCache@58670130 size = 1, maxSize = 32, parentContextCount = 0, hitCount = 0, missCount = 1]
2021-07-08 10:26:10.747 DEBUG[main]o.s.t.c.cache.DefaultCacheAwareContextLoaderDelegate.loadContext:137 -Retrieved ApplicationContext [1825719826] from cache with key [[MergedContextConfiguration@2e4b8173 testClass = LengthOfLongestSubstringTest, locations = '{}', classes = '{class com.hsuhau.com.hsuhau.hard.HardApplication, class com.hsuhau.com.hsuhau.hard.HardApplication}', contextInitializerClasses = '[]', activeProfiles = '{}', propertySourceLocations = '{}', propertySourceProperties = '{org.springframework.boot.test.context.SpringBootTestContextBootstrapper=true}', contextCustomizers = set[org.springframework.boot.test.context.filter.ExcludeFilterContextCustomizer@6895a785, org.springframework.boot.test.json.DuplicateJsonObjectContextCustomizerFactory$DuplicateJsonObjectContextCustomizer@1f7030a6, org.springframework.boot.test.mock.mockito.MockitoContextCustomizer@0, org.springframework.boot.test.web.client.TestRestTemplateContextCustomizer@4232c52b, org.springframework.boot.test.autoconfigure.properties.PropertyMappingContextCustomizer@0, org.springframework.boot.test.autoconfigure.web.servlet.WebDriverContextCustomizerFactory$Customizer@2173f6d9], contextLoader = 'org.springframework.boot.test.context.SpringBootContextLoader', parent = [null]]]
2021-07-08 10:26:10.747 DEBUG[main]org.springframework.test.context.cache.logStatistics:290 -Spring test ApplicationContext cache statistics: [DefaultContextCache@58670130 size = 1, maxSize = 32, parentContextCount = 0, hitCount = 1, missCount = 1]
2021-07-08 10:26:10.756 DEBUG[main]o.s.t.c.s.AbstractDirtiesContextTestExecutionListener.beforeOrAfterTestMethod:107 -Before test method: context [DefaultTestContext@72a7c7e0 testClass = LengthOfLongestSubstringTest, testInstance = com.hsuhau.medium.service.LengthOfLongestSubstringTest@1139b2f3, testMethod = testLengthOfLongestSubstring@LengthOfLongestSubstringTest, testException = [null], mergedContextConfiguration = [MergedContextConfiguration@2e4b8173 testClass = LengthOfLongestSubstringTest, locations = '{}', classes = '{class com.hsuhau.com.hsuhau.hard.HardApplication, class com.hsuhau.com.hsuhau.hard.HardApplication}', contextInitializerClasses = '[]', activeProfiles = '{}', propertySourceLocations = '{}', propertySourceProperties = '{org.springframework.boot.test.context.SpringBootTestContextBootstrapper=true}', contextCustomizers = set[org.springframework.boot.test.context.filter.ExcludeFilterContextCustomizer@6895a785, org.springframework.boot.test.json.DuplicateJsonObjectContextCustomizerFactory$DuplicateJsonObjectContextCustomizer@1f7030a6, org.springframework.boot.test.mock.mockito.MockitoContextCustomizer@0, org.springframework.boot.test.web.client.TestRestTemplateContextCustomizer@4232c52b, org.springframework.boot.test.autoconfigure.properties.PropertyMappingContextCustomizer@0, org.springframework.boot.test.autoconfigure.web.servlet.WebDriverContextCustomizerFactory$Customizer@2173f6d9], contextLoader = 'org.springframework.boot.test.context.SpringBootContextLoader', parent = [null]], attributes = map[[empty]]], class annotated with @DirtiesContext [false] with mode [null], method annotated with @DirtiesContext [false] with mode [null].
2021-07-08 10:26:10.758 DEBUG[main]o.s.t.c.cache.DefaultCacheAwareContextLoaderDelegate.loadContext:137 -Retrieved ApplicationContext [1825719826] from cache with key [[MergedContextConfiguration@2e4b8173 testClass = LengthOfLongestSubstringTest, locations = '{}', classes = '{class com.hsuhau.com.hsuhau.hard.HardApplication, class com.hsuhau.com.hsuhau.hard.HardApplication}', contextInitializerClasses = '[]', activeProfiles = '{}', propertySourceLocations = '{}', propertySourceProperties = '{org.springframework.boot.test.context.SpringBootTestContextBootstrapper=true}', contextCustomizers = set[org.springframework.boot.test.context.filter.ExcludeFilterContextCustomizer@6895a785, org.springframework.boot.test.json.DuplicateJsonObjectContextCustomizerFactory$DuplicateJsonObjectContextCustomizer@1f7030a6, org.springframework.boot.test.mock.mockito.MockitoContextCustomizer@0, org.springframework.boot.test.web.client.TestRestTemplateContextCustomizer@4232c52b, org.springframework.boot.test.autoconfigure.properties.PropertyMappingContextCustomizer@0, org.springframework.boot.test.autoconfigure.web.servlet.WebDriverContextCustomizerFactory$Customizer@2173f6d9], contextLoader = 'org.springframework.boot.test.context.SpringBootContextLoader', parent = [null]]]
2021-07-08 10:26:10.759 DEBUG[main]org.springframework.test.context.cache.logStatistics:290 -Spring test ApplicationContext cache statistics: [DefaultContextCache@58670130 size = 1, maxSize = 32, parentContextCount = 0, hitCount = 2, missCount = 1]
2021-07-08 10:26:10.760 DEBUG[main]o.s.t.c.cache.DefaultCacheAwareContextLoaderDelegate.loadContext:137 -Retrieved ApplicationContext [1825719826] from cache with key [[MergedContextConfiguration@2e4b8173 testClass = LengthOfLongestSubstringTest, locations = '{}', classes = '{class com.hsuhau.com.hsuhau.hard.HardApplication, class com.hsuhau.com.hsuhau.hard.HardApplication}', contextInitializerClasses = '[]', activeProfiles = '{}', propertySourceLocations = '{}', propertySourceProperties = '{org.springframework.boot.test.context.SpringBootTestContextBootstrapper=true}', contextCustomizers = set[org.springframework.boot.test.context.filter.ExcludeFilterContextCustomizer@6895a785, org.springframework.boot.test.json.DuplicateJsonObjectContextCustomizerFactory$DuplicateJsonObjectContextCustomizer@1f7030a6, org.springframework.boot.test.mock.mockito.MockitoContextCustomizer@0, org.springframework.boot.test.web.client.TestRestTemplateContextCustomizer@4232c52b, org.springframework.boot.test.autoconfigure.properties.PropertyMappingContextCustomizer@0, org.springframework.boot.test.autoconfigure.web.servlet.WebDriverContextCustomizerFactory$Customizer@2173f6d9], contextLoader = 'org.springframework.boot.test.context.SpringBootContextLoader', parent = [null]]]
2021-07-08 10:26:10.761 DEBUG[main]org.springframework.test.context.cache.logStatistics:290 -Spring test ApplicationContext cache statistics: [DefaultContextCache@58670130 size = 1, maxSize = 32, parentContextCount = 0, hitCount = 3, missCount = 1]
2021-07-08 10:26:11.172 DEBUG[main]o.s.t.c.cache.DefaultCacheAwareContextLoaderDelegate.loadContext:137 -Retrieved ApplicationContext [1825719826] from cache with key [[MergedContextConfiguration@2e4b8173 testClass = LengthOfLongestSubstringTest, locations = '{}', classes = '{class com.hsuhau.com.hsuhau.hard.HardApplication, class com.hsuhau.com.hsuhau.hard.HardApplication}', contextInitializerClasses = '[]', activeProfiles = '{}', propertySourceLocations = '{}', propertySourceProperties = '{org.springframework.boot.test.context.SpringBootTestContextBootstrapper=true}', contextCustomizers = set[org.springframework.boot.test.context.filter.ExcludeFilterContextCustomizer@6895a785, org.springframework.boot.test.json.DuplicateJsonObjectContextCustomizerFactory$DuplicateJsonObjectContextCustomizer@1f7030a6, org.springframework.boot.test.mock.mockito.MockitoContextCustomizer@0, org.springframework.boot.test.web.client.TestRestTemplateContextCustomizer@4232c52b, org.springframework.boot.test.autoconfigure.properties.PropertyMappingContextCustomizer@0, org.springframework.boot.test.autoconfigure.web.servlet.WebDriverContextCustomizerFactory$Customizer@2173f6d9], contextLoader = 'org.springframework.boot.test.context.SpringBootContextLoader', parent = [null]]]
2021-07-08 10:26:11.172 DEBUG[main]org.springframework.test.context.cache.logStatistics:290 -Spring test ApplicationContext cache statistics: [DefaultContextCache@58670130 size = 1, maxSize = 32, parentContextCount = 0, hitCount = 4, missCount = 1]
2021-07-08 10:26:11.177 DEBUG[main]o.s.t.c.cache.DefaultCacheAwareContextLoaderDelegate.loadContext:137 -Retrieved ApplicationContext [1825719826] from cache with key [[MergedContextConfiguration@2e4b8173 testClass = LengthOfLongestSubstringTest, locations = '{}', classes = '{class com.hsuhau.com.hsuhau.hard.HardApplication, class com.hsuhau.com.hsuhau.hard.HardApplication}', contextInitializerClasses = '[]', activeProfiles = '{}', propertySourceLocations = '{}', propertySourceProperties = '{org.springframework.boot.test.context.SpringBootTestContextBootstrapper=true}', contextCustomizers = set[org.springframework.boot.test.context.filter.ExcludeFilterContextCustomizer@6895a785, org.springframework.boot.test.json.DuplicateJsonObjectContextCustomizerFactory$DuplicateJsonObjectContextCustomizer@1f7030a6, org.springframework.boot.test.mock.mockito.MockitoContextCustomizer@0, org.springframework.boot.test.web.client.TestRestTemplateContextCustomizer@4232c52b, org.springframework.boot.test.autoconfigure.properties.PropertyMappingContextCustomizer@0, org.springframework.boot.test.autoconfigure.web.servlet.WebDriverContextCustomizerFactory$Customizer@2173f6d9], contextLoader = 'org.springframework.boot.test.context.SpringBootContextLoader', parent = [null]]]
2021-07-08 10:26:11.179 DEBUG[main]org.springframework.test.context.cache.logStatistics:290 -Spring test ApplicationContext cache statistics: [DefaultContextCache@58670130 size = 1, maxSize = 32, parentContextCount = 0, hitCount = 5, missCount = 1]
2021-07-08 10:26:11.187 DEBUG[main]o.s.t.c.cache.DefaultCacheAwareContextLoaderDelegate.loadContext:137 -Retrieved ApplicationContext [1825719826] from cache with key [[MergedContextConfiguration@2e4b8173 testClass = LengthOfLongestSubstringTest, locations = '{}', classes = '{class com.hsuhau.com.hsuhau.hard.HardApplication, class com.hsuhau.com.hsuhau.hard.HardApplication}', contextInitializerClasses = '[]', activeProfiles = '{}', propertySourceLocations = '{}', propertySourceProperties = '{org.springframework.boot.test.context.SpringBootTestContextBootstrapper=true}', contextCustomizers = set[org.springframework.boot.test.context.filter.ExcludeFilterContextCustomizer@6895a785, org.springframework.boot.test.json.DuplicateJsonObjectContextCustomizerFactory$DuplicateJsonObjectContextCustomizer@1f7030a6, org.springframework.boot.test.mock.mockito.MockitoContextCustomizer@0, org.springframework.boot.test.web.client.TestRestTemplateContextCustomizer@4232c52b, org.springframework.boot.test.autoconfigure.properties.PropertyMappingContextCustomizer@0, org.springframework.boot.test.autoconfigure.web.servlet.WebDriverContextCustomizerFactory$Customizer@2173f6d9], contextLoader = 'org.springframework.boot.test.context.SpringBootContextLoader', parent = [null]]]
2021-07-08 10:26:11.187 DEBUG[main]org.springframework.test.context.cache.logStatistics:290 -Spring test ApplicationContext cache statistics: [DefaultContextCache@58670130 size = 1, maxSize = 32, parentContextCount = 0, hitCount = 6, missCount = 1]
2021-07-08 10:26:11.188 DEBUG[main]o.s.t.c.cache.DefaultCacheAwareContextLoaderDelegate.loadContext:137 -Retrieved ApplicationContext [1825719826] from cache with key [[MergedContextConfiguration@2e4b8173 testClass = LengthOfLongestSubstringTest, locations = '{}', classes = '{class com.hsuhau.com.hsuhau.hard.HardApplication, class com.hsuhau.com.hsuhau.hard.HardApplication}', contextInitializerClasses = '[]', activeProfiles = '{}', propertySourceLocations = '{}', propertySourceProperties = '{org.springframework.boot.test.context.SpringBootTestContextBootstrapper=true}', contextCustomizers = set[org.springframework.boot.test.context.filter.ExcludeFilterContextCustomizer@6895a785, org.springframework.boot.test.json.DuplicateJsonObjectContextCustomizerFactory$DuplicateJsonObjectContextCustomizer@1f7030a6, org.springframework.boot.test.mock.mockito.MockitoContextCustomizer@0, org.springframework.boot.test.web.client.TestRestTemplateContextCustomizer@4232c52b, org.springframework.boot.test.autoconfigure.properties.PropertyMappingContextCustomizer@0, org.springframework.boot.test.autoconfigure.web.servlet.WebDriverContextCustomizerFactory$Customizer@2173f6d9], contextLoader = 'org.springframework.boot.test.context.SpringBootContextLoader', parent = [null]]]
2021-07-08 10:26:11.189 DEBUG[main]org.springframework.test.context.cache.logStatistics:290 -Spring test ApplicationContext cache statistics: [DefaultContextCache@58670130 size = 1, maxSize = 32, parentContextCount = 0, hitCount = 7, missCount = 1]
2021-07-08 10:26:11.192 DEBUG[main]o.s.t.c.cache.DefaultCacheAwareContextLoaderDelegate.loadContext:137 -Retrieved ApplicationContext [1825719826] from cache with key [[MergedContextConfiguration@2e4b8173 testClass = LengthOfLongestSubstringTest, locations = '{}', classes = '{class com.hsuhau.com.hsuhau.hard.HardApplication, class com.hsuhau.com.hsuhau.hard.HardApplication}', contextInitializerClasses = '[]', activeProfiles = '{}', propertySourceLocations = '{}', propertySourceProperties = '{org.springframework.boot.test.context.SpringBootTestContextBootstrapper=true}', contextCustomizers = set[org.springframework.boot.test.context.filter.ExcludeFilterContextCustomizer@6895a785, org.springframework.boot.test.json.DuplicateJsonObjectContextCustomizerFactory$DuplicateJsonObjectContextCustomizer@1f7030a6, org.springframework.boot.test.mock.mockito.MockitoContextCustomizer@0, org.springframework.boot.test.web.client.TestRestTemplateContextCustomizer@4232c52b, org.springframework.boot.test.autoconfigure.properties.PropertyMappingContextCustomizer@0, org.springframework.boot.test.autoconfigure.web.servlet.WebDriverContextCustomizerFactory$Customizer@2173f6d9], contextLoader = 'org.springframework.boot.test.context.SpringBootContextLoader', parent = [null]]]
2021-07-08 10:26:11.193 DEBUG[main]org.springframework.test.context.cache.logStatistics:290 -Spring test ApplicationContext cache statistics: [DefaultContextCache@58670130 size = 1, maxSize = 32, parentContextCount = 0, hitCount = 8, missCount = 1]
2021-07-08 10:26:11.196 DEBUG[main]o.s.t.c.cache.DefaultCacheAwareContextLoaderDelegate.loadContext:137 -Retrieved ApplicationContext [1825719826] from cache with key [[MergedContextConfiguration@2e4b8173 testClass = LengthOfLongestSubstringTest, locations = '{}', classes = '{class com.hsuhau.com.hsuhau.hard.HardApplication, class com.hsuhau.com.hsuhau.hard.HardApplication}', contextInitializerClasses = '[]', activeProfiles = '{}', propertySourceLocations = '{}', propertySourceProperties = '{org.springframework.boot.test.context.SpringBootTestContextBootstrapper=true}', contextCustomizers = set[org.springframework.boot.test.context.filter.ExcludeFilterContextCustomizer@6895a785, org.springframework.boot.test.json.DuplicateJsonObjectContextCustomizerFactory$DuplicateJsonObjectContextCustomizer@1f7030a6, org.springframework.boot.test.mock.mockito.MockitoContextCustomizer@0, org.springframework.boot.test.web.client.TestRestTemplateContextCustomizer@4232c52b, org.springframework.boot.test.autoconfigure.properties.PropertyMappingContextCustomizer@0, org.springframework.boot.test.autoconfigure.web.servlet.WebDriverContextCustomizerFactory$Customizer@2173f6d9], contextLoader = 'org.springframework.boot.test.context.SpringBootContextLoader', parent = [null]]]
2021-07-08 10:26:11.197 DEBUG[main]org.springframework.test.context.cache.logStatistics:290 -Spring test ApplicationContext cache statistics: [DefaultContextCache@58670130 size = 1, maxSize = 32, parentContextCount = 0, hitCount = 9, missCount = 1]
2021-07-08 10:26:11.200 DEBUG[main]o.s.t.c.cache.DefaultCacheAwareContextLoaderDelegate.loadContext:137 -Retrieved ApplicationContext [1825719826] from cache with key [[MergedContextConfiguration@2e4b8173 testClass = LengthOfLongestSubstringTest, locations = '{}', classes = '{class com.hsuhau.com.hsuhau.hard.HardApplication, class com.hsuhau.com.hsuhau.hard.HardApplication}', contextInitializerClasses = '[]', activeProfiles = '{}', propertySourceLocations = '{}', propertySourceProperties = '{org.springframework.boot.test.context.SpringBootTestContextBootstrapper=true}', contextCustomizers = set[org.springframework.boot.test.context.filter.ExcludeFilterContextCustomizer@6895a785, org.springframework.boot.test.json.DuplicateJsonObjectContextCustomizerFactory$DuplicateJsonObjectContextCustomizer@1f7030a6, org.springframework.boot.test.mock.mockito.MockitoContextCustomizer@0, org.springframework.boot.test.web.client.TestRestTemplateContextCustomizer@4232c52b, org.springframework.boot.test.autoconfigure.properties.PropertyMappingContextCustomizer@0, org.springframework.boot.test.autoconfigure.web.servlet.WebDriverContextCustomizerFactory$Customizer@2173f6d9], contextLoader = 'org.springframework.boot.test.context.SpringBootContextLoader', parent = [null]]]
2021-07-08 10:26:11.201 DEBUG[main]org.springframework.test.context.cache.logStatistics:290 -Spring test ApplicationContext cache statistics: [DefaultContextCache@58670130 size = 1, maxSize = 32, parentContextCount = 0, hitCount = 10, missCount = 1]
2021-07-08 10:26:11.203 DEBUG[main]o.s.t.c.s.AbstractDirtiesContextTestExecutionListener.beforeOrAfterTestMethod:107 -After test method: context [DefaultTestContext@72a7c7e0 testClass = LengthOfLongestSubstringTest, testInstance = com.hsuhau.medium.service.LengthOfLongestSubstringTest@1139b2f3, testMethod = testLengthOfLongestSubstring@LengthOfLongestSubstringTest, testException = [null], mergedContextConfiguration = [MergedContextConfiguration@2e4b8173 testClass = LengthOfLongestSubstringTest, locations = '{}', classes = '{class com.hsuhau.com.hsuhau.hard.HardApplication, class com.hsuhau.com.hsuhau.hard.HardApplication}', contextInitializerClasses = '[]', activeProfiles = '{}', propertySourceLocations = '{}', propertySourceProperties = '{org.springframework.boot.test.context.SpringBootTestContextBootstrapper=true}', contextCustomizers = set[org.springframework.boot.test.context.filter.ExcludeFilterContextCustomizer@6895a785, org.springframework.boot.test.json.DuplicateJsonObjectContextCustomizerFactory$DuplicateJsonObjectContextCustomizer@1f7030a6, org.springframework.boot.test.mock.mockito.MockitoContextCustomizer@0, org.springframework.boot.test.web.client.TestRestTemplateContextCustomizer@4232c52b, org.springframework.boot.test.autoconfigure.properties.PropertyMappingContextCustomizer@0, org.springframework.boot.test.autoconfigure.web.servlet.WebDriverContextCustomizerFactory$Customizer@2173f6d9], contextLoader = 'org.springframework.boot.test.context.SpringBootContextLoader', parent = [null]], attributes = map[[empty]]], class annotated with @DirtiesContext [false] with mode [null], method annotated with @DirtiesContext [false] with mode [null].
2021-07-08 10:26:11.207 DEBUG[main]o.s.t.c.cache.DefaultCacheAwareContextLoaderDelegate.loadContext:137 -Retrieved ApplicationContext [1825719826] from cache with key [[MergedContextConfiguration@2e4b8173 testClass = LengthOfLongestSubstringTest, locations = '{}', classes = '{class com.hsuhau.com.hsuhau.hard.HardApplication, class com.hsuhau.com.hsuhau.hard.HardApplication}', contextInitializerClasses = '[]', activeProfiles = '{}', propertySourceLocations = '{}', propertySourceProperties = '{org.springframework.boot.test.context.SpringBootTestContextBootstrapper=true}', contextCustomizers = set[org.springframework.boot.test.context.filter.ExcludeFilterContextCustomizer@6895a785, org.springframework.boot.test.json.DuplicateJsonObjectContextCustomizerFactory$DuplicateJsonObjectContextCustomizer@1f7030a6, org.springframework.boot.test.mock.mockito.MockitoContextCustomizer@0, org.springframework.boot.test.web.client.TestRestTemplateContextCustomizer@4232c52b, org.springframework.boot.test.autoconfigure.properties.PropertyMappingContextCustomizer@0, org.springframework.boot.test.autoconfigure.web.servlet.WebDriverContextCustomizerFactory$Customizer@2173f6d9], contextLoader = 'org.springframework.boot.test.context.SpringBootContextLoader', parent = [null]]]
2021-07-08 10:26:11.208 DEBUG[main]org.springframework.test.context.cache.logStatistics:290 -Spring test ApplicationContext cache statistics: [DefaultContextCache@58670130 size = 1, maxSize = 32, parentContextCount = 0, hitCount = 11, missCount = 1]
2021-07-08 10:26:11.209 DEBUG[main]o.s.t.c.s.AbstractDirtiesContextTestExecutionListener.beforeOrAfterTestClass:142 -After test class: context [DefaultTestContext@72a7c7e0 testClass = LengthOfLongestSubstringTest, testInstance = [null], testMethod = [null], testException = [null], mergedContextConfiguration = [MergedContextConfiguration@2e4b8173 testClass = LengthOfLongestSubstringTest, locations = '{}', classes = '{class com.hsuhau.com.hsuhau.hard.HardApplication, class com.hsuhau.com.hsuhau.hard.HardApplication}', contextInitializerClasses = '[]', activeProfiles = '{}', propertySourceLocations = '{}', propertySourceProperties = '{org.springframework.boot.test.context.SpringBootTestContextBootstrapper=true}', contextCustomizers = set[org.springframework.boot.test.context.filter.ExcludeFilterContextCustomizer@6895a785, org.springframework.boot.test.json.DuplicateJsonObjectContextCustomizerFactory$DuplicateJsonObjectContextCustomizer@1f7030a6, org.springframework.boot.test.mock.mockito.MockitoContextCustomizer@0, org.springframework.boot.test.web.client.TestRestTemplateContextCustomizer@4232c52b, org.springframework.boot.test.autoconfigure.properties.PropertyMappingContextCustomizer@0, org.springframework.boot.test.autoconfigure.web.servlet.WebDriverContextCustomizerFactory$Customizer@2173f6d9], contextLoader = 'org.springframework.boot.test.context.SpringBootContextLoader', parent = [null]], attributes = map[[empty]]], class annotated with @DirtiesContext [false] with mode [null].
2021-07-08 10:26:11.212 DEBUG[SpringContextShutdownHook]o.s.c.annotation.AnnotationConfigApplicationContext.doClose:1005 -Closing org.springframework.context.annotation.AnnotationConfigApplicationContext@6cd24612, started on Thu Jul 08 10:26:08 CST 2021
