2022-07-29 16:45:21.197 DEBUG[main]o.s.b.c.logging.ClasspathLoggingApplicationListener.onApplicationEvent:51 -Application started with classpath: [file:/C:/Users/hsuhau/.m2/repository/org/junit/platform/junit-platform-launcher/1.5.2/junit-platform-launcher-1.5.2.jar, file:/C:/Users/hsuhau/AppData/Local/JetBrains/Toolbox/apps/IDEA-U/ch-1/221.6008.13/lib/idea_rt.jar, file:/C:/Users/hsuhau/AppData/Local/JetBrains/Toolbox/apps/IDEA-U/ch-1/221.6008.13/plugins/junit/lib/junit5-rt.jar, file:/C:/Users/hsuhau/AppData/Local/JetBrains/Toolbox/apps/IDEA-U/ch-1/221.6008.13/plugins/junit/lib/junit-rt.jar, file:/C:/Program%20Files/Java/jdk1.8.0_301/jre/lib/charsets.jar, file:/C:/Program%20Files/Java/jdk1.8.0_301/jre/lib/deploy.jar, file:/C:/Program%20Files/Java/jdk1.8.0_301/jre/lib/ext/access-bridge-64.jar, file:/C:/Program%20Files/Java/jdk1.8.0_301/jre/lib/ext/cldrdata.jar, file:/C:/Program%20Files/Java/jdk1.8.0_301/jre/lib/ext/dnsns.jar, file:/C:/Program%20Files/Java/jdk1.8.0_301/jre/lib/ext/jaccess.jar, file:/C:/Program%20Files/Java/jdk1.8.0_301/jre/lib/ext/jfxrt.jar, file:/C:/Program%20Files/Java/jdk1.8.0_301/jre/lib/ext/localedata.jar, file:/C:/Program%20Files/Java/jdk1.8.0_301/jre/lib/ext/nashorn.jar, file:/C:/Program%20Files/Java/jdk1.8.0_301/jre/lib/ext/sunec.jar, file:/C:/Program%20Files/Java/jdk1.8.0_301/jre/lib/ext/sunjce_provider.jar, file:/C:/Program%20Files/Java/jdk1.8.0_301/jre/lib/ext/sunmscapi.jar, file:/C:/Program%20Files/Java/jdk1.8.0_301/jre/lib/ext/sunpkcs11.jar, file:/C:/Program%20Files/Java/jdk1.8.0_301/jre/lib/ext/zipfs.jar, file:/C:/Program%20Files/Java/jdk1.8.0_301/jre/lib/javaws.jar, file:/C:/Program%20Files/Java/jdk1.8.0_301/jre/lib/jce.jar, file:/C:/Program%20Files/Java/jdk1.8.0_301/jre/lib/jfr.jar, file:/C:/Program%20Files/Java/jdk1.8.0_301/jre/lib/jfxswt.jar, file:/C:/Program%20Files/Java/jdk1.8.0_301/jre/lib/jsse.jar, file:/C:/Program%20Files/Java/jdk1.8.0_301/jre/lib/management-agent.jar, file:/C:/Program%20Files/Java/jdk1.8.0_301/jre/lib/plugin.jar, file:/C:/Program%20Files/Java/jdk1.8.0_301/jre/lib/resources.jar, file:/C:/Program%20Files/Java/jdk1.8.0_301/jre/lib/rt.jar, file:/C:/Users/hsuhau/GitHub/hsuhau/leet-code/leet-code-medium/target/test-classes/, file:/C:/Users/hsuhau/GitHub/hsuhau/leet-code/leet-code-medium/target/classes/, file:/C:/Users/hsuhau/GitHub/hsuhau/leet-code/leet-code-common/target/classes/, file:/C:/Users/hsuhau/GitHub/hsuhau/leet-code/leet-code-main/target/classes/, file:/C:/Users/hsuhau/.m2/repository/org/junit/jupiter/junit-jupiter/5.9.0/junit-jupiter-5.9.0.jar, file:/C:/Users/hsuhau/.m2/repository/org/junit/jupiter/junit-jupiter-api/5.5.2/junit-jupiter-api-5.5.2.jar, file:/C:/Users/hsuhau/.m2/repository/org/apiguardian/apiguardian-api/1.1.0/apiguardian-api-1.1.0.jar, file:/C:/Users/hsuhau/.m2/repository/org/opentest4j/opentest4j/1.2.0/opentest4j-1.2.0.jar, file:/C:/Users/hsuhau/.m2/repository/org/junit/platform/junit-platform-commons/1.5.2/junit-platform-commons-1.5.2.jar, file:/C:/Users/hsuhau/.m2/repository/org/junit/jupiter/junit-jupiter-params/5.5.2/junit-jupiter-params-5.5.2.jar, file:/C:/Users/hsuhau/.m2/repository/org/junit/jupiter/junit-jupiter-engine/5.5.2/junit-jupiter-engine-5.5.2.jar, file:/C:/Users/hsuhau/.m2/repository/org/junit/platform/junit-platform-engine/1.5.2/junit-platform-engine-1.5.2.jar, file:/C:/Users/hsuhau/.m2/repository/junit/junit/4.13.1/junit-4.13.1.jar, file:/C:/Users/hsuhau/.m2/repository/org/hamcrest/hamcrest-core/2.1/hamcrest-core-2.1.jar, file:/C:/Users/hsuhau/.m2/repository/org/springframework/boot/spring-boot-starter/2.2.6.RELEASE/spring-boot-starter-2.2.6.RELEASE.jar, file:/C:/Users/hsuhau/.m2/repository/org/springframework/boot/spring-boot/2.2.6.RELEASE/spring-boot-2.2.6.RELEASE.jar, file:/C:/Users/hsuhau/.m2/repository/org/springframework/spring-context/5.2.5.RELEASE/spring-context-5.2.5.RELEASE.jar, file:/C:/Users/hsuhau/.m2/repository/org/springframework/spring-aop/5.2.5.RELEASE/spring-aop-5.2.5.RELEASE.jar, file:/C:/Users/hsuhau/.m2/repository/org/springframework/spring-beans/5.2.5.RELEASE/spring-beans-5.2.5.RELEASE.jar, file:/C:/Users/hsuhau/.m2/repository/org/springframework/spring-expression/5.2.5.RELEASE/spring-expression-5.2.5.RELEASE.jar, file:/C:/Users/hsuhau/.m2/repository/org/springframework/boot/spring-boot-autoconfigure/2.2.6.RELEASE/spring-boot-autoconfigure-2.2.6.RELEASE.jar, file:/C:/Users/hsuhau/.m2/repository/jakarta/annotation/jakarta.annotation-api/1.3.5/jakarta.annotation-api-1.3.5.jar, file:/C:/Users/hsuhau/.m2/repository/org/springframework/spring-core/5.2.5.RELEASE/spring-core-5.2.5.RELEASE.jar, file:/C:/Users/hsuhau/.m2/repository/org/springframework/spring-jcl/5.2.5.RELEASE/spring-jcl-5.2.5.RELEASE.jar, file:/C:/Users/hsuhau/.m2/repository/org/yaml/snakeyaml/1.25/snakeyaml-1.25.jar, file:/C:/Users/hsuhau/.m2/repository/org/springframework/boot/spring-boot-starter-test/2.2.6.RELEASE/spring-boot-starter-test-2.2.6.RELEASE.jar, file:/C:/Users/hsuhau/.m2/repository/org/springframework/boot/spring-boot-test/2.2.6.RELEASE/spring-boot-test-2.2.6.RELEASE.jar, file:/C:/Users/hsuhau/.m2/repository/org/springframework/boot/spring-boot-test-autoconfigure/2.2.6.RELEASE/spring-boot-test-autoconfigure-2.2.6.RELEASE.jar, file:/C:/Users/hsuhau/.m2/repository/com/jayway/jsonpath/json-path/2.4.0/json-path-2.4.0.jar, file:/C:/Users/hsuhau/.m2/repository/net/minidev/json-smart/2.3/json-smart-2.3.jar, file:/C:/Users/hsuhau/.m2/repository/net/minidev/accessors-smart/1.2/accessors-smart-1.2.jar, file:/C:/Users/hsuhau/.m2/repository/org/ow2/asm/asm/5.0.4/asm-5.0.4.jar, file:/C:/Users/hsuhau/.m2/repository/jakarta/xml/bind/jakarta.xml.bind-api/2.3.3/jakarta.xml.bind-api-2.3.3.jar, file:/C:/Users/hsuhau/.m2/repository/jakarta/activation/jakarta.activation-api/1.2.2/jakarta.activation-api-1.2.2.jar, file:/C:/Users/hsuhau/.m2/repository/org/junit/vintage/junit-vintage-engine/5.5.2/junit-vintage-engine-5.5.2.jar, file:/C:/Users/hsuhau/.m2/repository/org/mockito/mockito-junit-jupiter/3.1.0/mockito-junit-jupiter-3.1.0.jar, file:/C:/Users/hsuhau/.m2/repository/org/assertj/assertj-core/3.13.2/assertj-core-3.13.2.jar, file:/C:/Users/hsuhau/.m2/repository/org/hamcrest/hamcrest/2.1/hamcrest-2.1.jar, file:/C:/Users/hsuhau/.m2/repository/org/mockito/mockito-core/3.1.0/mockito-core-3.1.0.jar, file:/C:/Users/hsuhau/.m2/repository/net/bytebuddy/byte-buddy/1.10.8/byte-buddy-1.10.8.jar, file:/C:/Users/hsuhau/.m2/repository/net/bytebuddy/byte-buddy-agent/1.10.8/byte-buddy-agent-1.10.8.jar, file:/C:/Users/hsuhau/.m2/repository/org/objenesis/objenesis/2.6/objenesis-2.6.jar, file:/C:/Users/hsuhau/.m2/repository/org/skyscreamer/jsonassert/1.5.0/jsonassert-1.5.0.jar, file:/C:/Users/hsuhau/.m2/repository/com/vaadin/external/google/android-json/0.0.20131108.vaadin1/android-json-0.0.20131108.vaadin1.jar, file:/C:/Users/hsuhau/.m2/repository/org/springframework/spring-test/5.2.5.RELEASE/spring-test-5.2.5.RELEASE.jar, file:/C:/Users/hsuhau/.m2/repository/org/xmlunit/xmlunit-core/2.6.4/xmlunit-core-2.6.4.jar, file:/C:/Users/hsuhau/.m2/repository/ch/qos/logback/logback-classic/1.2.3/logback-classic-1.2.3.jar, file:/C:/Users/hsuhau/.m2/repository/ch/qos/logback/logback-core/1.2.3/logback-core-1.2.3.jar, file:/C:/Users/hsuhau/.m2/repository/org/slf4j/slf4j-api/1.7.30/slf4j-api-1.7.30.jar, file:/C:/Users/hsuhau/.m2/repository/org/springframework/boot/spring-boot-devtools/2.2.6.RELEASE/spring-boot-devtools-2.2.6.RELEASE.jar, file:/C:/Users/hsuhau/.m2/repository/com/alibaba/fastjson/1.2.76/fastjson-1.2.76.jar, file:/C:/Users/hsuhau/AppData/Local/JetBrains/Toolbox/apps/IDEA-U/ch-1/221.6008.13/lib/idea_rt.jar]
2022-07-29 16:45:21.306 INFO [main]c.h.medium.service.LetterCombinationsOfAPhoneNumberTest.logStarting:55 -Starting LetterCombinationsOfAPhoneNumberTest on LAPTOP-ILSEUOVJ with PID 30700 (started by hsuhau in C:\Users\hsuhau\GitHub\hsuhau\leet-code\leet-code-medium)
2022-07-29 16:45:21.307 DEBUG[main]c.h.medium.service.LetterCombinationsOfAPhoneNumberTest.logStarting:56 -Running with Spring Boot v2.2.6.RELEASE, Spring v5.2.5.RELEASE
2022-07-29 16:45:21.308 INFO [main]c.h.medium.service.LetterCombinationsOfAPhoneNumberTest.logStartupProfileInfo:651 -No active profile set, falling back to default profiles: default
2022-07-29 16:45:21.308 DEBUG[main]org.springframework.boot.SpringApplication.load:679 -Loading source class com.hsuhau.com.hsuhau.hard.HardApplication
2022-07-29 16:45:21.332 DEBUG[main]o.s.boot.context.config.ConfigFileApplicationListener.logTo:222 -Loaded config file 'file:/C:/Users/hsuhau/GitHub/hsuhau/leet-code/leet-code-main/target/classes/application.yml' (classpath:/application.yml)
2022-07-29 16:45:21.332 DEBUG[main]o.s.c.annotation.AnnotationConfigApplicationContext.prepareRefresh:595 -Refreshing org.springframework.context.annotation.AnnotationConfigApplicationContext@61544ae6
2022-07-29 16:45:21.346 DEBUG[main]o.s.beans.factory.support.DefaultListableBeanFactory.getSingleton:213 -Creating shared instance of singleton bean 'org.springframework.context.annotation.internalConfigurationAnnotationProcessor'
2022-07-29 16:45:21.372 DEBUG[main]o.s.beans.factory.support.DefaultListableBeanFactory.getSingleton:213 -Creating shared instance of singleton bean 'org.springframework.boot.autoconfigure.internalCachingMetadataReaderFactory'
2022-07-29 16:45:21.442 DEBUG[main]o.s.context.annotation.ClassPathBeanDefinitionScanner.scanCandidateComponents:435 -Identified candidate component class: file [C:\Users\hsuhau\GitHub\hsuhau\leet-code\leet-code-medium\target\classes\com\hsuhau\medium\service\AddTwoNumbers.class]
2022-07-29 16:45:21.442 DEBUG[main]o.s.context.annotation.ClassPathBeanDefinitionScanner.scanCandidateComponents:435 -Identified candidate component class: file [C:\Users\hsuhau\GitHub\hsuhau\leet-code\leet-code-medium\target\classes\com\hsuhau\medium\service\CombinationSum.class]
2022-07-29 16:45:21.442 DEBUG[main]o.s.context.annotation.ClassPathBeanDefinitionScanner.scanCandidateComponents:435 -Identified candidate component class: file [C:\Users\hsuhau\GitHub\hsuhau\leet-code\leet-code-medium\target\classes\com\hsuhau\medium\service\ConstructMaximumBinaryTree.class]
2022-07-29 16:45:21.445 DEBUG[main]o.s.context.annotation.ClassPathBeanDefinitionScanner.scanCandidateComponents:435 -Identified candidate component class: file [C:\Users\hsuhau\GitHub\hsuhau\leet-code\leet-code-medium\target\classes\com\hsuhau\medium\service\CountBits.class]
2022-07-29 16:45:21.445 DEBUG[main]o.s.context.annotation.ClassPathBeanDefinitionScanner.scanCandidateComponents:435 -Identified candidate component class: file [C:\Users\hsuhau\GitHub\hsuhau\leet-code\leet-code-medium\target\classes\com\hsuhau\medium\service\CountSubstrings.class]
2022-07-29 16:45:21.445 DEBUG[main]o.s.context.annotation.ClassPathBeanDefinitionScanner.scanCandidateComponents:435 -Identified candidate component class: file [C:\Users\hsuhau\GitHub\hsuhau\leet-code\leet-code-medium\target\classes\com\hsuhau\medium\service\EqualSubstring.class]
2022-07-29 16:45:21.445 DEBUG[main]o.s.context.annotation.ClassPathBeanDefinitionScanner.scanCandidateComponents:435 -Identified candidate component class: file [C:\Users\hsuhau\GitHub\hsuhau\leet-code\leet-code-medium\target\classes\com\hsuhau\medium\service\FindAndReplacePattern.class]
2022-07-29 16:45:21.445 DEBUG[main]o.s.context.annotation.ClassPathBeanDefinitionScanner.scanCandidateComponents:435 -Identified candidate component class: file [C:\Users\hsuhau\GitHub\hsuhau\leet-code\leet-code-medium\target\classes\com\hsuhau\medium\service\FindCircleNum.class]
2022-07-29 16:45:21.445 DEBUG[main]o.s.context.annotation.ClassPathBeanDefinitionScanner.scanCandidateComponents:435 -Identified candidate component class: file [C:\Users\hsuhau\GitHub\hsuhau\leet-code\leet-code-medium\target\classes\com\hsuhau\medium\service\FindDuplicate.class]
2022-07-29 16:45:21.445 DEBUG[main]o.s.context.annotation.ClassPathBeanDefinitionScanner.scanCandidateComponents:435 -Identified candidate component class: file [C:\Users\hsuhau\GitHub\hsuhau\leet-code\leet-code-medium\target\classes\com\hsuhau\medium\service\Flatten.class]
2022-07-29 16:45:21.449 DEBUG[main]o.s.context.annotation.ClassPathBeanDefinitionScanner.scanCandidateComponents:435 -Identified candidate component class: file [C:\Users\hsuhau\GitHub\hsuhau\leet-code\leet-code-medium\target\classes\com\hsuhau\medium\service\FourSum.class]
2022-07-29 16:45:21.449 DEBUG[main]o.s.context.annotation.ClassPathBeanDefinitionScanner.scanCandidateComponents:435 -Identified candidate component class: file [C:\Users\hsuhau\GitHub\hsuhau\leet-code\leet-code-medium\target\classes\com\hsuhau\medium\service\GenerateParenthesis.class]
2022-07-29 16:45:21.449 DEBUG[main]o.s.context.annotation.ClassPathBeanDefinitionScanner.scanCandidateComponents:435 -Identified candidate component class: file [C:\Users\hsuhau\GitHub\hsuhau\leet-code\leet-code-medium\target\classes\com\hsuhau\medium\service\GetMaximumGold.class]
2022-07-29 16:45:21.449 DEBUG[main]o.s.context.annotation.ClassPathBeanDefinitionScanner.scanCandidateComponents:435 -Identified candidate component class: file [C:\Users\hsuhau\GitHub\hsuhau\leet-code\leet-code-medium\target\classes\com\hsuhau\medium\service\InOrderTraversal.class]
2022-07-29 16:45:21.449 DEBUG[main]o.s.context.annotation.ClassPathBeanDefinitionScanner.scanCandidateComponents:435 -Identified candidate component class: file [C:\Users\hsuhau\GitHub\hsuhau\leet-code\leet-code-medium\target\classes\com\hsuhau\medium\service\IntToRoman.class]
2022-07-29 16:45:21.452 DEBUG[main]o.s.context.annotation.ClassPathBeanDefinitionScanner.scanCandidateComponents:435 -Identified candidate component class: file [C:\Users\hsuhau\GitHub\hsuhau\leet-code\leet-code-medium\target\classes\com\hsuhau\medium\service\LengthOfLongestSubstring.class]
2022-07-29 16:45:21.453 DEBUG[main]o.s.context.annotation.ClassPathBeanDefinitionScanner.scanCandidateComponents:435 -Identified candidate component class: file [C:\Users\hsuhau\GitHub\hsuhau\leet-code\leet-code-medium\target\classes\com\hsuhau\medium\service\LetterCombinations.class]
2022-07-29 16:45:21.455 DEBUG[main]o.s.context.annotation.ClassPathBeanDefinitionScanner.scanCandidateComponents:435 -Identified candidate component class: file [C:\Users\hsuhau\GitHub\hsuhau\leet-code\leet-code-medium\target\classes\com\hsuhau\medium\service\LetterCombinationsOfAPhoneNumber.class]
2022-07-29 16:45:21.455 DEBUG[main]o.s.context.annotation.ClassPathBeanDefinitionScanner.scanCandidateComponents:435 -Identified candidate component class: file [C:\Users\hsuhau\GitHub\hsuhau\leet-code\leet-code-medium\target\classes\com\hsuhau\medium\service\LevelOrder.class]
2022-07-29 16:45:21.455 DEBUG[main]o.s.context.annotation.ClassPathBeanDefinitionScanner.scanCandidateComponents:435 -Identified candidate component class: file [C:\Users\hsuhau\GitHub\hsuhau\leet-code\leet-code-medium\target\classes\com\hsuhau\medium\service\LongestPalindrome.class]
2022-07-29 16:45:21.455 DEBUG[main]o.s.context.annotation.ClassPathBeanDefinitionScanner.scanCandidateComponents:435 -Identified candidate component class: file [C:\Users\hsuhau\GitHub\hsuhau\leet-code\leet-code-medium\target\classes\com\hsuhau\medium\service\MapSum.class]
2022-07-29 16:45:21.455 DEBUG[main]o.s.context.annotation.ClassPathBeanDefinitionScanner.scanCandidateComponents:435 -Identified candidate component class: file [C:\Users\hsuhau\GitHub\hsuhau\leet-code\leet-code-medium\target\classes\com\hsuhau\medium\service\MaxDepthAfterSpilt.class]
2022-07-29 16:45:21.455 DEBUG[main]o.s.context.annotation.ClassPathBeanDefinitionScanner.scanCandidateComponents:435 -Identified candidate component class: file [C:\Users\hsuhau\GitHub\hsuhau\leet-code\leet-code-medium\target\classes\com\hsuhau\medium\service\MinPathSum.class]
2022-07-29 16:45:21.455 DEBUG[main]o.s.context.annotation.ClassPathBeanDefinitionScanner.scanCandidateComponents:435 -Identified candidate component class: file [C:\Users\hsuhau\GitHub\hsuhau\leet-code\leet-code-medium\target\classes\com\hsuhau\medium\service\MyPow.class]
2022-07-29 16:45:21.459 DEBUG[main]o.s.context.annotation.ClassPathBeanDefinitionScanner.scanCandidateComponents:435 -Identified candidate component class: file [C:\Users\hsuhau\GitHub\hsuhau\leet-code\leet-code-medium\target\classes\com\hsuhau\medium\service\NestedIterator.class]
2022-07-29 16:45:21.459 DEBUG[main]o.s.context.annotation.ClassPathBeanDefinitionScanner.scanCandidateComponents:435 -Identified candidate component class: file [C:\Users\hsuhau\GitHub\hsuhau\leet-code\leet-code-medium\target\classes\com\hsuhau\medium\service\NextGreaterElement.class]
2022-07-29 16:45:21.459 DEBUG[main]o.s.context.annotation.ClassPathBeanDefinitionScanner.scanCandidateComponents:435 -Identified candidate component class: file [C:\Users\hsuhau\GitHub\hsuhau\leet-code\leet-code-medium\target\classes\com\hsuhau\medium\service\NthSuperUglyNumber.class]
2022-07-29 16:45:21.459 DEBUG[main]o.s.context.annotation.ClassPathBeanDefinitionScanner.scanCandidateComponents:435 -Identified candidate component class: file [C:\Users\hsuhau\GitHub\hsuhau\leet-code\leet-code-medium\target\classes\com\hsuhau\medium\service\NthUglyNumber.class]
2022-07-29 16:45:21.459 DEBUG[main]o.s.context.annotation.ClassPathBeanDefinitionScanner.scanCandidateComponents:435 -Identified candidate component class: file [C:\Users\hsuhau\GitHub\hsuhau\leet-code\leet-code-medium\target\classes\com\hsuhau\medium\service\Partition.class]
2022-07-29 16:45:21.459 DEBUG[main]o.s.context.annotation.ClassPathBeanDefinitionScanner.scanCandidateComponents:435 -Identified candidate component class: file [C:\Users\hsuhau\GitHub\hsuhau\leet-code\leet-code-medium\target\classes\com\hsuhau\medium\service\PeekingIterator.class]
2022-07-29 16:45:21.459 DEBUG[main]o.s.context.annotation.ClassPathBeanDefinitionScanner.scanCandidateComponents:435 -Identified candidate component class: file [C:\Users\hsuhau\GitHub\hsuhau\leet-code\leet-code-medium\target\classes\com\hsuhau\medium\service\PreOrderTraversal.class]
2022-07-29 16:45:21.459 DEBUG[main]o.s.context.annotation.ClassPathBeanDefinitionScanner.scanCandidateComponents:435 -Identified candidate component class: file [C:\Users\hsuhau\GitHub\hsuhau\leet-code\leet-code-medium\target\classes\com\hsuhau\medium\service\PrimePalindrome.class]
2022-07-29 16:45:21.464 DEBUG[main]o.s.context.annotation.ClassPathBeanDefinitionScanner.scanCandidateComponents:435 -Identified candidate component class: file [C:\Users\hsuhau\GitHub\hsuhau\leet-code\leet-code-medium\target\classes\com\hsuhau\medium\service\PruneTree.class]
2022-07-29 16:45:21.464 DEBUG[main]o.s.context.annotation.ClassPathBeanDefinitionScanner.scanCandidateComponents:435 -Identified candidate component class: file [C:\Users\hsuhau\GitHub\hsuhau\leet-code\leet-code-medium\target\classes\com\hsuhau\medium\service\ReconstructQueue.class]
2022-07-29 16:45:21.464 DEBUG[main]o.s.context.annotation.ClassPathBeanDefinitionScanner.scanCandidateComponents:435 -Identified candidate component class: file [C:\Users\hsuhau\GitHub\hsuhau\leet-code\leet-code-medium\target\classes\com\hsuhau\medium\service\Robot.class]
2022-07-29 16:45:21.464 DEBUG[main]o.s.context.annotation.ClassPathBeanDefinitionScanner.scanCandidateComponents:435 -Identified candidate component class: file [C:\Users\hsuhau\GitHub\hsuhau\leet-code\leet-code-medium\target\classes\com\hsuhau\medium\service\SingleNumber.class]
2022-07-29 16:45:21.466 DEBUG[main]o.s.context.annotation.ClassPathBeanDefinitionScanner.scanCandidateComponents:435 -Identified candidate component class: file [C:\Users\hsuhau\GitHub\hsuhau\leet-code\leet-code-medium\target\classes\com\hsuhau\medium\service\SortList.class]
2022-07-29 16:45:21.466 DEBUG[main]o.s.context.annotation.ClassPathBeanDefinitionScanner.scanCandidateComponents:435 -Identified candidate component class: file [C:\Users\hsuhau\GitHub\hsuhau\leet-code\leet-code-medium\target\classes\com\hsuhau\medium\service\Subsets.class]
2022-07-29 16:45:21.466 DEBUG[main]o.s.context.annotation.ClassPathBeanDefinitionScanner.scanCandidateComponents:435 -Identified candidate component class: file [C:\Users\hsuhau\GitHub\hsuhau\leet-code\leet-code-medium\target\classes\com\hsuhau\medium\service\TinyURL.class]
2022-07-29 16:45:21.588 DEBUG[main]o.s.core.env.PropertySourcesPropertyResolver.logKeyFound:115 -Found key 'spring.jmx.enabled' in PropertySource 'configurationProperties' with value of type String
2022-07-29 16:45:21.753 DEBUG[main]o.s.beans.factory.support.DefaultListableBeanFactory.getSingleton:213 -Creating shared instance of singleton bean 'propertySourcesPlaceholderConfigurer'
2022-07-29 16:45:21.758 DEBUG[main]o.s.beans.factory.support.DefaultListableBeanFactory.getSingleton:213 -Creating shared instance of singleton bean 'org.springframework.boot.test.mock.mockito.MockitoPostProcessor'
2022-07-29 16:45:21.768 DEBUG[main]o.s.beans.factory.support.DefaultListableBeanFactory.getSingleton:213 -Creating shared instance of singleton bean 'org.springframework.boot.context.properties.ConfigurationPropertiesBeanDefinitionValidator'
2022-07-29 16:45:21.782 DEBUG[main]o.s.beans.factory.support.DefaultListableBeanFactory.getSingleton:213 -Creating shared instance of singleton bean 'org.springframework.context.event.internalEventListenerProcessor'
2022-07-29 16:45:21.783 DEBUG[main]o.s.beans.factory.support.DefaultListableBeanFactory.getSingleton:213 -Creating shared instance of singleton bean 'org.springframework.context.event.internalEventListenerFactory'
2022-07-29 16:45:21.786 DEBUG[main]o.s.beans.factory.support.DefaultListableBeanFactory.getSingleton:213 -Creating shared instance of singleton bean 'org.springframework.context.annotation.internalAutowiredAnnotationProcessor'
2022-07-29 16:45:21.787 DEBUG[main]o.s.beans.factory.support.DefaultListableBeanFactory.getSingleton:213 -Creating shared instance of singleton bean 'org.springframework.context.annotation.internalCommonAnnotationProcessor'
2022-07-29 16:45:21.792 DEBUG[main]o.s.beans.factory.support.DefaultListableBeanFactory.getSingleton:213 -Creating shared instance of singleton bean 'org.springframework.boot.test.mock.mockito.MockitoPostProcessor$SpyPostProcessor'
2022-07-29 16:45:21.793 DEBUG[main]o.s.beans.factory.support.DefaultListableBeanFactory.getSingleton:213 -Creating shared instance of singleton bean 'org.springframework.boot.context.properties.ConfigurationPropertiesBindingPostProcessor'
2022-07-29 16:45:21.793 DEBUG[main]o.s.beans.factory.support.DefaultListableBeanFactory.getSingleton:213 -Creating shared instance of singleton bean 'org.springframework.boot.context.internalConfigurationPropertiesBinder'
2022-07-29 16:45:21.794 DEBUG[main]o.s.beans.factory.support.DefaultListableBeanFactory.getSingleton:213 -Creating shared instance of singleton bean 'org.springframework.boot.context.internalConfigurationPropertiesBinderFactory'
2022-07-29 16:45:21.798 DEBUG[main]o.s.beans.factory.support.DefaultListableBeanFactory.getSingleton:213 -Creating shared instance of singleton bean 'mainApplication'
2022-07-29 16:45:21.807 DEBUG[main]o.s.beans.factory.support.DefaultListableBeanFactory.getSingleton:213 -Creating shared instance of singleton bean 'addTwoNumbers'
2022-07-29 16:45:21.809 DEBUG[main]o.s.beans.factory.support.DefaultListableBeanFactory.getSingleton:213 -Creating shared instance of singleton bean 'combinationSum'
2022-07-29 16:45:21.811 DEBUG[main]o.s.beans.factory.support.DefaultListableBeanFactory.getSingleton:213 -Creating shared instance of singleton bean 'constructMaximumBinaryTree'
2022-07-29 16:45:21.814 DEBUG[main]o.s.beans.factory.support.DefaultListableBeanFactory.getSingleton:213 -Creating shared instance of singleton bean 'countBits'
2022-07-29 16:45:21.816 DEBUG[main]o.s.beans.factory.support.DefaultListableBeanFactory.getSingleton:213 -Creating shared instance of singleton bean 'countSubstrings'
2022-07-29 16:45:21.817 DEBUG[main]o.s.beans.factory.support.DefaultListableBeanFactory.getSingleton:213 -Creating shared instance of singleton bean 'equalSubstring'
2022-07-29 16:45:21.819 DEBUG[main]o.s.beans.factory.support.DefaultListableBeanFactory.getSingleton:213 -Creating shared instance of singleton bean 'findAndReplacePattern'
2022-07-29 16:45:21.820 DEBUG[main]o.s.beans.factory.support.DefaultListableBeanFactory.getSingleton:213 -Creating shared instance of singleton bean 'findCircleNum'
2022-07-29 16:45:21.822 DEBUG[main]o.s.beans.factory.support.DefaultListableBeanFactory.getSingleton:213 -Creating shared instance of singleton bean 'findDuplicate'
2022-07-29 16:45:21.823 DEBUG[main]o.s.beans.factory.support.DefaultListableBeanFactory.getSingleton:213 -Creating shared instance of singleton bean 'flatten'
2022-07-29 16:45:21.825 DEBUG[main]o.s.beans.factory.support.DefaultListableBeanFactory.getSingleton:213 -Creating shared instance of singleton bean 'fourSum'
2022-07-29 16:45:21.827 DEBUG[main]o.s.beans.factory.support.DefaultListableBeanFactory.getSingleton:213 -Creating shared instance of singleton bean 'generateParenthesis'
2022-07-29 16:45:21.829 DEBUG[main]o.s.beans.factory.support.DefaultListableBeanFactory.getSingleton:213 -Creating shared instance of singleton bean 'getMaximumGold'
2022-07-29 16:45:21.829 DEBUG[main]o.s.beans.factory.support.DefaultListableBeanFactory.getSingleton:213 -Creating shared instance of singleton bean 'inOrderTraversal'
2022-07-29 16:45:21.829 DEBUG[main]o.s.beans.factory.support.DefaultListableBeanFactory.getSingleton:213 -Creating shared instance of singleton bean 'intToRoman'
2022-07-29 16:45:21.835 DEBUG[main]o.s.beans.factory.support.DefaultListableBeanFactory.getSingleton:213 -Creating shared instance of singleton bean 'lengthOfLongestSubstring'
2022-07-29 16:45:21.837 DEBUG[main]o.s.beans.factory.support.DefaultListableBeanFactory.getSingleton:213 -Creating shared instance of singleton bean 'letterCombinations'
2022-07-29 16:45:21.837 DEBUG[main]o.s.beans.factory.support.DefaultListableBeanFactory.getSingleton:213 -Creating shared instance of singleton bean 'letterCombinationsOfAPhoneNumber'
2022-07-29 16:45:21.841 DEBUG[main]o.s.beans.factory.support.DefaultListableBeanFactory.getSingleton:213 -Creating shared instance of singleton bean 'levelOrder'
2022-07-29 16:45:21.841 DEBUG[main]o.s.beans.factory.support.DefaultListableBeanFactory.getSingleton:213 -Creating shared instance of singleton bean 'longestPalindrome'
2022-07-29 16:45:21.843 DEBUG[main]o.s.beans.factory.support.DefaultListableBeanFactory.getSingleton:213 -Creating shared instance of singleton bean 'mapSum'
2022-07-29 16:45:21.843 DEBUG[main]o.s.beans.factory.support.DefaultListableBeanFactory.getSingleton:213 -Creating shared instance of singleton bean 'maxDepthAfterSpilt'
2022-07-29 16:45:21.848 DEBUG[main]o.s.beans.factory.support.DefaultListableBeanFactory.getSingleton:213 -Creating shared instance of singleton bean 'minPathSum'
2022-07-29 16:45:21.850 DEBUG[main]o.s.beans.factory.support.DefaultListableBeanFactory.getSingleton:213 -Creating shared instance of singleton bean 'myPow'
2022-07-29 16:45:21.851 DEBUG[main]o.s.beans.factory.support.DefaultListableBeanFactory.getSingleton:213 -Creating shared instance of singleton bean 'nestedIterator'
2022-07-29 16:45:21.855 DEBUG[main]o.s.beans.factory.support.DefaultListableBeanFactory.getSingleton:213 -Creating shared instance of singleton bean 'nextGreaterElement'
2022-07-29 16:45:21.857 DEBUG[main]o.s.beans.factory.support.DefaultListableBeanFactory.getSingleton:213 -Creating shared instance of singleton bean 'nthSuperUglyNumber'
2022-07-29 16:45:21.859 DEBUG[main]o.s.beans.factory.support.DefaultListableBeanFactory.getSingleton:213 -Creating shared instance of singleton bean 'nthUglyNumber'
2022-07-29 16:45:21.861 DEBUG[main]o.s.beans.factory.support.DefaultListableBeanFactory.getSingleton:213 -Creating shared instance of singleton bean 'partition'
2022-07-29 16:45:21.863 DEBUG[main]o.s.beans.factory.support.DefaultListableBeanFactory.getSingleton:213 -Creating shared instance of singleton bean 'peekingIterator'
2022-07-29 16:45:21.863 DEBUG[main]o.s.beans.factory.support.DefaultListableBeanFactory.getSingleton:213 -Creating shared instance of singleton bean 'preOrderTraversal'
2022-07-29 16:45:21.865 DEBUG[main]o.s.beans.factory.support.DefaultListableBeanFactory.getSingleton:213 -Creating shared instance of singleton bean 'primePalindrome'
2022-07-29 16:45:21.867 DEBUG[main]o.s.beans.factory.support.DefaultListableBeanFactory.getSingleton:213 -Creating shared instance of singleton bean 'pruneTree'
2022-07-29 16:45:21.869 DEBUG[main]o.s.beans.factory.support.DefaultListableBeanFactory.getSingleton:213 -Creating shared instance of singleton bean 'reconstructQueue'
2022-07-29 16:45:21.871 DEBUG[main]o.s.beans.factory.support.DefaultListableBeanFactory.getSingleton:213 -Creating shared instance of singleton bean 'robot'
2022-07-29 16:45:21.871 DEBUG[main]o.s.beans.factory.support.DefaultListableBeanFactory.getSingleton:213 -Creating shared instance of singleton bean 'singleNumber'
2022-07-29 16:45:21.872 DEBUG[main]o.s.beans.factory.support.DefaultListableBeanFactory.getSingleton:213 -Creating shared instance of singleton bean 'sortList'
2022-07-29 16:45:21.874 DEBUG[main]o.s.beans.factory.support.DefaultListableBeanFactory.getSingleton:213 -Creating shared instance of singleton bean 'subsets'
2022-07-29 16:45:21.877 DEBUG[main]o.s.beans.factory.support.DefaultListableBeanFactory.getSingleton:213 -Creating shared instance of singleton bean 'tinyURL'
2022-07-29 16:45:21.877 DEBUG[main]o.s.beans.factory.support.DefaultListableBeanFactory.getSingleton:213 -Creating shared instance of singleton bean 'org.springframework.boot.autoconfigure.AutoConfigurationPackages'
2022-07-29 16:45:21.877 DEBUG[main]o.s.beans.factory.support.DefaultListableBeanFactory.getSingleton:213 -Creating shared instance of singleton bean 'org.springframework.boot.autoconfigure.context.PropertyPlaceholderAutoConfiguration'
2022-07-29 16:45:21.877 DEBUG[main]o.s.beans.factory.support.DefaultListableBeanFactory.getSingleton:213 -Creating shared instance of singleton bean 'org.springframework.boot.autoconfigure.aop.AopAutoConfiguration$ClassProxyingConfiguration'
2022-07-29 16:45:21.881 DEBUG[main]o.s.beans.factory.support.DefaultListableBeanFactory.createArgumentArray:806 -Autowiring by type from bean name 'org.springframework.boot.autoconfigure.aop.AopAutoConfiguration$ClassProxyingConfiguration' via constructor to bean named 'org.springframework.beans.factory.support.DefaultListableBeanFactory@302a07d'
2022-07-29 16:45:21.881 DEBUG[main]o.s.beans.factory.support.DefaultListableBeanFactory.getSingleton:213 -Creating shared instance of singleton bean 'org.springframework.boot.autoconfigure.aop.AopAutoConfiguration'
2022-07-29 16:45:21.881 DEBUG[main]o.s.beans.factory.support.DefaultListableBeanFactory.getSingleton:213 -Creating shared instance of singleton bean 'org.springframework.boot.autoconfigure.context.ConfigurationPropertiesAutoConfiguration'
2022-07-29 16:45:21.881 DEBUG[main]o.s.beans.factory.support.DefaultListableBeanFactory.getSingleton:213 -Creating shared instance of singleton bean 'org.springframework.boot.context.properties.ConfigurationBeanFactoryMetadata'
2022-07-29 16:45:21.890 DEBUG[main]o.s.beans.factory.support.DefaultListableBeanFactory.getSingleton:213 -Creating shared instance of singleton bean 'org.springframework.boot.autoconfigure.info.ProjectInfoAutoConfiguration'
2022-07-29 16:45:21.893 DEBUG[main]o.s.beans.factory.support.DefaultListableBeanFactory.getSingleton:213 -Creating shared instance of singleton bean 'spring.info-org.springframework.boot.autoconfigure.info.ProjectInfoProperties'
2022-07-29 16:45:21.902 DEBUG[main]o.s.beans.factory.support.DefaultListableBeanFactory.createArgumentArray:806 -Autowiring by type from bean name 'org.springframework.boot.autoconfigure.info.ProjectInfoAutoConfiguration' via constructor to bean named 'spring.info-org.springframework.boot.autoconfigure.info.ProjectInfoProperties'
2022-07-29 16:45:21.905 DEBUG[main]o.s.beans.factory.support.DefaultListableBeanFactory.getSingleton:213 -Creating shared instance of singleton bean 'org.springframework.boot.autoconfigure.task.TaskExecutionAutoConfiguration'
2022-07-29 16:45:21.906 DEBUG[main]o.s.beans.factory.support.DefaultListableBeanFactory.getSingleton:213 -Creating shared instance of singleton bean 'taskExecutorBuilder'
2022-07-29 16:45:21.907 DEBUG[main]o.s.beans.factory.support.DefaultListableBeanFactory.getSingleton:213 -Creating shared instance of singleton bean 'spring.task.execution-org.springframework.boot.autoconfigure.task.TaskExecutionProperties'
2022-07-29 16:45:21.912 DEBUG[main]o.s.beans.factory.support.DefaultListableBeanFactory.createArgumentArray:806 -Autowiring by type from bean name 'taskExecutorBuilder' via factory method to bean named 'spring.task.execution-org.springframework.boot.autoconfigure.task.TaskExecutionProperties'
2022-07-29 16:45:21.916 DEBUG[main]o.s.beans.factory.support.DefaultListableBeanFactory.getSingleton:213 -Creating shared instance of singleton bean 'org.springframework.boot.autoconfigure.task.TaskSchedulingAutoConfiguration'
2022-07-29 16:45:21.919 DEBUG[main]o.s.beans.factory.support.DefaultListableBeanFactory.getSingleton:213 -Creating shared instance of singleton bean 'taskSchedulerBuilder'
2022-07-29 16:45:21.919 DEBUG[main]o.s.beans.factory.support.DefaultListableBeanFactory.getSingleton:213 -Creating shared instance of singleton bean 'spring.task.scheduling-org.springframework.boot.autoconfigure.task.TaskSchedulingProperties'
2022-07-29 16:45:21.919 DEBUG[main]o.s.beans.factory.support.DefaultListableBeanFactory.createArgumentArray:806 -Autowiring by type from bean name 'taskSchedulerBuilder' via factory method to bean named 'spring.task.scheduling-org.springframework.boot.autoconfigure.task.TaskSchedulingProperties'
2022-07-29 16:45:21.940 DEBUG[main]o.s.b.a.logging.ConditionEvaluationReportLoggingListener.logAutoConfigurationReport:126 -


============================
CONDITIONS EVALUATION REPORT
============================


Positive matches:
-----------------

   AopAutoConfiguration matched:
      - @ConditionalOnProperty (spring.aop.auto=true) matched (OnPropertyCondition)

   AopAutoConfiguration.ClassProxyingConfiguration matched:
      - @ConditionalOnMissingClass did not find unwanted class 'org.aspectj.weaver.Advice' (OnClassCondition)
      - @ConditionalOnProperty (spring.aop.proxy-target-class=true) matched (OnPropertyCondition)

   GenericCacheConfiguration matched:
      - Cache org.springframework.boot.autoconfigure.cache.GenericCacheConfiguration automatic cache type (CacheCondition)

   NoOpCacheConfiguration matched:
      - Cache org.springframework.boot.autoconfigure.cache.NoOpCacheConfiguration automatic cache type (CacheCondition)

   PropertyPlaceholderAutoConfiguration#propertySourcesPlaceholderConfigurer matched:
      - @ConditionalOnMissingBean (types: org.springframework.context.support.PropertySourcesPlaceholderConfigurer; SearchStrategy: current) did not find any beans (OnBeanCondition)

   SimpleCacheConfiguration matched:
      - Cache org.springframework.boot.autoconfigure.cache.SimpleCacheConfiguration automatic cache type (CacheCondition)

   TaskExecutionAutoConfiguration matched:
      - @ConditionalOnClass found required class 'org.springframework.scheduling.concurrent.ThreadPoolTaskExecutor' (OnClassCondition)

   TaskExecutionAutoConfiguration#applicationTaskExecutor matched:
      - @ConditionalOnMissingBean (types: java.util.concurrent.Executor; SearchStrategy: all) did not find any beans (OnBeanCondition)

   TaskExecutionAutoConfiguration#taskExecutorBuilder matched:
      - @ConditionalOnMissingBean (types: org.springframework.boot.task.TaskExecutorBuilder; SearchStrategy: all) did not find any beans (OnBeanCondition)

   TaskSchedulingAutoConfiguration matched:
      - @ConditionalOnClass found required class 'org.springframework.scheduling.concurrent.ThreadPoolTaskScheduler' (OnClassCondition)

   TaskSchedulingAutoConfiguration#taskSchedulerBuilder matched:
      - @ConditionalOnMissingBean (types: org.springframework.boot.task.TaskSchedulerBuilder; SearchStrategy: all) did not find any beans (OnBeanCondition)


Negative matches:
-----------------

   ActiveMQAutoConfiguration:
      Did not match:
         - @ConditionalOnClass did not find required class 'javax.jms.ConnectionFactory' (OnClassCondition)

   AopAutoConfiguration.AspectJAutoProxyingConfiguration:
      Did not match:
         - @ConditionalOnClass did not find required class 'org.aspectj.weaver.Advice' (OnClassCondition)

   ArtemisAutoConfiguration:
      Did not match:
         - @ConditionalOnClass did not find required class 'javax.jms.ConnectionFactory' (OnClassCondition)

   BatchAutoConfiguration:
      Did not match:
         - @ConditionalOnClass did not find required class 'org.springframework.batch.core.launch.JobLauncher' (OnClassCondition)

   CacheAutoConfiguration:
      Did not match:
         - @ConditionalOnBean (types: org.springframework.cache.interceptor.CacheAspectSupport; SearchStrategy: all) did not find any beans of type org.springframework.cache.interceptor.CacheAspectSupport (OnBeanCondition)
      Matched:
         - @ConditionalOnClass found required class 'org.springframework.cache.CacheManager' (OnClassCondition)

   CacheAutoConfiguration.CacheManagerEntityManagerFactoryDependsOnPostProcessor:
      Did not match:
         - @ConditionalOnClass did not find required class 'org.springframework.orm.jpa.LocalContainerEntityManagerFactoryBean' (OnClassCondition)
         - Ancestor org.springframework.boot.autoconfigure.cache.CacheAutoConfiguration did not match (ConditionEvaluationReport.AncestorsMatchedCondition)

   CaffeineCacheConfiguration:
      Did not match:
         - @ConditionalOnClass did not find required classes 'com.github.benmanes.caffeine.cache.Caffeine', 'org.springframework.cache.caffeine.CaffeineCacheManager' (OnClassCondition)

   CassandraAutoConfiguration:
      Did not match:
         - @ConditionalOnClass did not find required class 'com.datastax.driver.core.Cluster' (OnClassCondition)

   CassandraDataAutoConfiguration:
      Did not match:
         - @ConditionalOnClass did not find required class 'com.datastax.driver.core.Cluster' (OnClassCondition)

   CassandraReactiveDataAutoConfiguration:
      Did not match:
         - @ConditionalOnClass did not find required class 'com.datastax.driver.core.Cluster' (OnClassCondition)

   CassandraReactiveRepositoriesAutoConfiguration:
      Did not match:
         - @ConditionalOnClass did not find required class 'org.springframework.data.cassandra.ReactiveSession' (OnClassCondition)

   CassandraRepositoriesAutoConfiguration:
      Did not match:
         - @ConditionalOnClass did not find required class 'com.datastax.driver.core.Session' (OnClassCondition)

   ClientHttpConnectorAutoConfiguration:
      Did not match:
         - @ConditionalOnClass did not find required class 'org.springframework.web.reactive.function.client.WebClient' (OnClassCondition)

   CloudServiceConnectorsAutoConfiguration:
      Did not match:
         - @ConditionalOnClass did not find required class 'org.springframework.cloud.config.java.CloudScanConfiguration' (OnClassCondition)

   CodecsAutoConfiguration:
      Did not match:
         - @ConditionalOnClass did not find required class 'org.springframework.http.codec.CodecConfigurer' (OnClassCondition)

   CouchbaseAutoConfiguration:
      Did not match:
         - @ConditionalOnClass did not find required class 'com.couchbase.client.java.Cluster' (OnClassCondition)

   CouchbaseCacheConfiguration:
      Did not match:
         - @ConditionalOnClass did not find required classes 'com.couchbase.client.java.Bucket', 'com.couchbase.client.spring.cache.CouchbaseCacheManager' (OnClassCondition)

   CouchbaseDataAutoConfiguration:
      Did not match:
         - @ConditionalOnClass did not find required class 'com.couchbase.client.java.Bucket' (OnClassCondition)

   CouchbaseReactiveDataAutoConfiguration:
      Did not match:
         - @ConditionalOnClass did not find required class 'com.couchbase.client.java.Bucket' (OnClassCondition)

   CouchbaseReactiveRepositoriesAutoConfiguration:
      Did not match:
         - @ConditionalOnClass did not find required class 'com.couchbase.client.java.Bucket' (OnClassCondition)

   CouchbaseRepositoriesAutoConfiguration:
      Did not match:
         - @ConditionalOnClass did not find required class 'com.couchbase.client.java.Bucket' (OnClassCondition)

   DataSourceAutoConfiguration:
      Did not match:
         - @ConditionalOnClass did not find required class 'org.springframework.jdbc.datasource.embedded.EmbeddedDatabaseType' (OnClassCondition)

   DataSourceTransactionManagerAutoConfiguration:
      Did not match:
         - @ConditionalOnClass did not find required class 'org.springframework.jdbc.core.JdbcTemplate' (OnClassCondition)

   DevToolsDataSourceAutoConfiguration:
      Did not match:
         - Devtools devtools is disabled for current context. (OnEnabledDevToolsCondition)

   DispatcherServletAutoConfiguration:
      Did not match:
         - @ConditionalOnClass did not find required class 'org.springframework.web.servlet.DispatcherServlet' (OnClassCondition)

   EhCacheCacheConfiguration:
      Did not match:
         - @ConditionalOnClass did not find required classes 'net.sf.ehcache.Cache', 'org.springframework.cache.ehcache.EhCacheCacheManager' (OnClassCondition)

   ElasticsearchAutoConfiguration:
      Did not match:
         - @ConditionalOnClass did not find required class 'org.elasticsearch.client.Client' (OnClassCondition)

   ElasticsearchDataAutoConfiguration:
      Did not match:
         - @ConditionalOnClass did not find required class 'org.springframework.data.elasticsearch.core.ElasticsearchTemplate' (OnClassCondition)

   ElasticsearchRepositoriesAutoConfiguration:
      Did not match:
         - @ConditionalOnClass did not find required class 'org.elasticsearch.client.Client' (OnClassCondition)

   EmbeddedLdapAutoConfiguration:
      Did not match:
         - @ConditionalOnClass did not find required class 'com.unboundid.ldap.listener.InMemoryDirectoryServer' (OnClassCondition)

   EmbeddedMongoAutoConfiguration:
      Did not match:
         - @ConditionalOnClass did not find required class 'com.mongodb.MongoClient' (OnClassCondition)

   EmbeddedWebServerFactoryCustomizerAutoConfiguration:
      Did not match:
         - @ConditionalOnWebApplication did not find reactive or servlet web application classes (OnWebApplicationCondition)

   ErrorMvcAutoConfiguration:
      Did not match:
         - @ConditionalOnClass did not find required class 'javax.servlet.Servlet' (OnClassCondition)

   ErrorWebFluxAutoConfiguration:
      Did not match:
         - @ConditionalOnClass did not find required class 'org.springframework.web.reactive.config.WebFluxConfigurer' (OnClassCondition)

   FlywayAutoConfiguration:
      Did not match:
         - @ConditionalOnClass did not find required class 'org.flywaydb.core.Flyway' (OnClassCondition)

   FreeMarkerAutoConfiguration:
      Did not match:
         - @ConditionalOnClass did not find required class 'freemarker.template.Configuration' (OnClassCondition)

   GroovyTemplateAutoConfiguration:
      Did not match:
         - @ConditionalOnClass did not find required class 'groovy.text.markup.MarkupTemplateEngine' (OnClassCondition)

   GsonAutoConfiguration:
      Did not match:
         - @ConditionalOnClass did not find required class 'com.google.gson.Gson' (OnClassCondition)

   H2ConsoleAutoConfiguration:
      Did not match:
         - @ConditionalOnClass did not find required class 'org.h2.server.web.WebServlet' (OnClassCondition)

   HazelcastAutoConfiguration:
      Did not match:
         - @ConditionalOnClass did not find required class 'com.hazelcast.core.HazelcastInstance' (OnClassCondition)

   HazelcastCacheConfiguration:
      Did not match:
         - @ConditionalOnClass did not find required classes 'com.hazelcast.core.HazelcastInstance', 'com.hazelcast.spring.cache.HazelcastCacheManager' (OnClassCondition)

   HazelcastJpaDependencyAutoConfiguration:
      Did not match:
         - @ConditionalOnClass did not find required class 'com.hazelcast.core.HazelcastInstance' (OnClassCondition)

   HibernateJpaAutoConfiguration:
      Did not match:
         - @ConditionalOnClass did not find required class 'javax.persistence.EntityManager' (OnClassCondition)

   HttpEncodingAutoConfiguration:
      Did not match:
         - @ConditionalOnClass did not find required class 'org.springframework.web.filter.CharacterEncodingFilter' (OnClassCondition)

   HttpHandlerAutoConfiguration:
      Did not match:
         - @ConditionalOnClass did not find required class 'org.springframework.http.server.reactive.HttpHandler' (OnClassCondition)

   HttpMessageConvertersAutoConfiguration:
      Did not match:
         - @ConditionalOnClass did not find required class 'org.springframework.http.converter.HttpMessageConverter' (OnClassCondition)

   HypermediaAutoConfiguration:
      Did not match:
         - @ConditionalOnClass did not find required class 'org.springframework.hateoas.EntityModel' (OnClassCondition)

   InfinispanCacheConfiguration:
      Did not match:
         - @ConditionalOnClass did not find required class 'org.infinispan.spring.embedded.provider.SpringEmbeddedCacheManager' (OnClassCondition)

   InfluxDbAutoConfiguration:
      Did not match:
         - @ConditionalOnClass did not find required class 'org.influxdb.InfluxDB' (OnClassCondition)

   IntegrationAutoConfiguration:
      Did not match:
         - @ConditionalOnClass did not find required class 'org.springframework.integration.config.EnableIntegration' (OnClassCondition)

   JCacheCacheConfiguration:
      Did not match:
         - @ConditionalOnClass did not find required classes 'javax.cache.Caching', 'org.springframework.cache.jcache.JCacheCacheManager' (OnClassCondition)

   JacksonAutoConfiguration:
      Did not match:
         - @ConditionalOnClass did not find required class 'com.fasterxml.jackson.databind.ObjectMapper' (OnClassCondition)

   JdbcRepositoriesAutoConfiguration:
      Did not match:
         - @ConditionalOnClass did not find required class 'org.springframework.data.jdbc.repository.config.AbstractJdbcConfiguration' (OnClassCondition)

   JdbcTemplateAutoConfiguration:
      Did not match:
         - @ConditionalOnClass did not find required class 'org.springframework.jdbc.core.JdbcTemplate' (OnClassCondition)

   JerseyAutoConfiguration:
      Did not match:
         - @ConditionalOnClass did not find required class 'javax.servlet.ServletRegistration' (OnClassCondition)

   JestAutoConfiguration:
      Did not match:
         - @ConditionalOnClass did not find required class 'io.searchbox.client.JestClient' (OnClassCondition)

   JmsAutoConfiguration:
      Did not match:
         - @ConditionalOnClass did not find required class 'javax.jms.Message' (OnClassCondition)

   JmxAutoConfiguration:
      Did not match:
         - @ConditionalOnProperty (spring.jmx.enabled=true) found different value in property 'enabled' (OnPropertyCondition)
      Matched:
         - @ConditionalOnClass found required class 'org.springframework.jmx.export.MBeanExporter' (OnClassCondition)

   JndiConnectionFactoryAutoConfiguration:
      Did not match:
         - @ConditionalOnClass did not find required class 'org.springframework.jms.core.JmsTemplate' (OnClassCondition)

   JndiDataSourceAutoConfiguration:
      Did not match:
         - @ConditionalOnClass did not find required class 'org.springframework.jdbc.datasource.embedded.EmbeddedDatabaseType' (OnClassCondition)

   JooqAutoConfiguration:
      Did not match:
         - @ConditionalOnClass did not find required class 'org.jooq.DSLContext' (OnClassCondition)

   JpaRepositoriesAutoConfiguration:
      Did not match:
         - @ConditionalOnClass did not find required class 'org.springframework.data.jpa.repository.JpaRepository' (OnClassCondition)

   JsonbAutoConfiguration:
      Did not match:
         - @ConditionalOnClass did not find required class 'javax.json.bind.Jsonb' (OnClassCondition)

   JtaAutoConfiguration:
      Did not match:
         - @ConditionalOnClass did not find required class 'javax.transaction.Transaction' (OnClassCondition)

   KafkaAutoConfiguration:
      Did not match:
         - @ConditionalOnClass did not find required class 'org.springframework.kafka.core.KafkaTemplate' (OnClassCondition)

   LdapAutoConfiguration:
      Did not match:
         - @ConditionalOnClass did not find required class 'org.springframework.ldap.core.ContextSource' (OnClassCondition)

   LdapRepositoriesAutoConfiguration:
      Did not match:
         - @ConditionalOnClass did not find required class 'org.springframework.data.ldap.repository.LdapRepository' (OnClassCondition)

   LiquibaseAutoConfiguration:
      Did not match:
         - @ConditionalOnClass did not find required class 'liquibase.change.DatabaseChange' (OnClassCondition)

   LocalDevToolsAutoConfiguration:
      Did not match:
         - Initialized Restarter Condition initialized without URLs (OnInitializedRestarterCondition)

   MailSenderAutoConfiguration:
      Did not match:
         - @ConditionalOnClass did not find required class 'javax.mail.internet.MimeMessage' (OnClassCondition)

   MailSenderValidatorAutoConfiguration:
      Did not match:
         - @ConditionalOnSingleCandidate did not find required type 'org.springframework.mail.javamail.JavaMailSenderImpl' (OnBeanCondition)

   MessageSourceAutoConfiguration:
      Did not match:
         - ResourceBundle did not find bundle with basename messages (MessageSourceAutoConfiguration.ResourceBundleCondition)

   MongoAutoConfiguration:
      Did not match:
         - @ConditionalOnClass did not find required class 'com.mongodb.MongoClient' (OnClassCondition)

   MongoDataAutoConfiguration:
      Did not match:
         - @ConditionalOnClass did not find required class 'com.mongodb.client.MongoClient' (OnClassCondition)

   MongoReactiveAutoConfiguration:
      Did not match:
         - @ConditionalOnClass did not find required class 'com.mongodb.reactivestreams.client.MongoClient' (OnClassCondition)

   MongoReactiveDataAutoConfiguration:
      Did not match:
         - @ConditionalOnClass did not find required class 'com.mongodb.reactivestreams.client.MongoClient' (OnClassCondition)

   MongoReactiveRepositoriesAutoConfiguration:
      Did not match:
         - @ConditionalOnClass did not find required class 'com.mongodb.reactivestreams.client.MongoClient' (OnClassCondition)

   MongoRepositoriesAutoConfiguration:
      Did not match:
         - @ConditionalOnClass did not find required class 'com.mongodb.MongoClient' (OnClassCondition)

   MultipartAutoConfiguration:
      Did not match:
         - @ConditionalOnClass did not find required class 'javax.servlet.MultipartConfigElement' (OnClassCondition)

   MustacheAutoConfiguration:
      Did not match:
         - @ConditionalOnClass did not find required class 'com.samskivert.mustache.Mustache' (OnClassCondition)

   Neo4jDataAutoConfiguration:
      Did not match:
         - @ConditionalOnClass did not find required class 'org.neo4j.ogm.session.SessionFactory' (OnClassCondition)

   Neo4jRepositoriesAutoConfiguration:
      Did not match:
         - @ConditionalOnClass did not find required class 'org.neo4j.ogm.session.Neo4jSession' (OnClassCondition)

   OAuth2ClientAutoConfiguration:
      Did not match:
         - @ConditionalOnClass did not find required class 'org.springframework.security.config.annotation.web.configuration.EnableWebSecurity' (OnClassCondition)

   OAuth2ResourceServerAutoConfiguration:
      Did not match:
         - @ConditionalOnWebApplication did not find servlet web application classes (OnWebApplicationCondition)

   PersistenceExceptionTranslationAutoConfiguration:
      Did not match:
         - @ConditionalOnClass did not find required class 'org.springframework.dao.annotation.PersistenceExceptionTranslationPostProcessor' (OnClassCondition)

   ProjectInfoAutoConfiguration#buildProperties:
      Did not match:
         - @ConditionalOnResource did not find resource '${spring.info.build.location:classpath:META-INF/build-info.properties}' (OnResourceCondition)

   ProjectInfoAutoConfiguration#gitProperties:
      Did not match:
         - GitResource did not find git info at classpath:git.properties (ProjectInfoAutoConfiguration.GitResourceAvailableCondition)

   QuartzAutoConfiguration:
      Did not match:
         - @ConditionalOnClass did not find required class 'org.quartz.Scheduler' (OnClassCondition)

   RSocketMessagingAutoConfiguration:
      Did not match:
         - @ConditionalOnClass did not find required class 'io.rsocket.RSocketFactory' (OnClassCondition)

   RSocketRequesterAutoConfiguration:
      Did not match:
         - @ConditionalOnClass did not find required class 'io.rsocket.RSocketFactory' (OnClassCondition)

   RSocketSecurityAutoConfiguration:
      Did not match:
         - @ConditionalOnClass did not find required class 'org.springframework.security.rsocket.core.SecuritySocketAcceptorInterceptor' (OnClassCondition)

   RSocketServerAutoConfiguration:
      Did not match:
         - @ConditionalOnClass did not find required class 'io.rsocket.RSocketFactory' (OnClassCondition)

   RSocketStrategiesAutoConfiguration:
      Did not match:
         - @ConditionalOnClass did not find required class 'io.netty.buffer.PooledByteBufAllocator' (OnClassCondition)

   RabbitAutoConfiguration:
      Did not match:
         - @ConditionalOnClass did not find required class 'com.rabbitmq.client.Channel' (OnClassCondition)

   ReactiveElasticsearchRepositoriesAutoConfiguration:
      Did not match:
         - @ConditionalOnClass did not find required class 'org.springframework.data.elasticsearch.client.reactive.ReactiveElasticsearchClient' (OnClassCondition)

   ReactiveOAuth2ClientAutoConfiguration:
      Did not match:
         - @ConditionalOnClass did not find required class 'reactor.core.publisher.Flux' (OnClassCondition)

   ReactiveOAuth2ResourceServerAutoConfiguration:
      Did not match:
         - @ConditionalOnClass did not find required class 'org.springframework.security.config.annotation.web.reactive.EnableWebFluxSecurity' (OnClassCondition)

   ReactiveRestClientAutoConfiguration:
      Did not match:
         - @ConditionalOnClass did not find required class 'reactor.netty.http.client.HttpClient' (OnClassCondition)

   ReactiveSecurityAutoConfiguration:
      Did not match:
         - @ConditionalOnClass did not find required class 'reactor.core.publisher.Flux' (OnClassCondition)

   ReactiveUserDetailsServiceAutoConfiguration:
      Did not match:
         - @ConditionalOnClass did not find required class 'org.springframework.security.authentication.ReactiveAuthenticationManager' (OnClassCondition)

   ReactiveWebServerFactoryAutoConfiguration:
      Did not match:
         - @ConditionalOnClass did not find required class 'org.springframework.http.ReactiveHttpInputMessage' (OnClassCondition)

   RedisAutoConfiguration:
      Did not match:
         - @ConditionalOnClass did not find required class 'org.springframework.data.redis.core.RedisOperations' (OnClassCondition)

   RedisCacheConfiguration:
      Did not match:
         - @ConditionalOnClass did not find required class 'org.springframework.data.redis.connection.RedisConnectionFactory' (OnClassCondition)

   RedisReactiveAutoConfiguration:
      Did not match:
         - @ConditionalOnClass did not find required class 'reactor.core.publisher.Flux' (OnClassCondition)

   RedisRepositoriesAutoConfiguration:
      Did not match:
         - @ConditionalOnClass did not find required class 'org.springframework.data.redis.repository.configuration.EnableRedisRepositories' (OnClassCondition)

   RemoteDevToolsAutoConfiguration:
      Did not match:
         - @ConditionalOnClass did not find required class 'javax.servlet.Filter' (OnClassCondition)

   RepositoryRestMvcAutoConfiguration:
      Did not match:
         - @ConditionalOnClass did not find required class 'org.springframework.data.rest.webmvc.config.RepositoryRestMvcConfiguration' (OnClassCondition)

   RestClientAutoConfiguration:
      Did not match:
         - @ConditionalOnClass did not find required class 'org.elasticsearch.client.RestClient' (OnClassCondition)

   RestTemplateAutoConfiguration:
      Did not match:
         - @ConditionalOnClass did not find required class 'org.springframework.web.client.RestTemplate' (OnClassCondition)

   Saml2RelyingPartyAutoConfiguration:
      Did not match:
         - @ConditionalOnClass did not find required class 'org.springframework.security.saml2.provider.service.registration.RelyingPartyRegistrationRepository' (OnClassCondition)

   SecurityAutoConfiguration:
      Did not match:
         - @ConditionalOnClass did not find required class 'org.springframework.security.authentication.DefaultAuthenticationEventPublisher' (OnClassCondition)

   SecurityFilterAutoConfiguration:
      Did not match:
         - @ConditionalOnClass did not find required class 'org.springframework.security.config.http.SessionCreationPolicy' (OnClassCondition)

   SendGridAutoConfiguration:
      Did not match:
         - @ConditionalOnClass did not find required class 'com.sendgrid.SendGrid' (OnClassCondition)

   ServletWebServerFactoryAutoConfiguration:
      Did not match:
         - @ConditionalOnClass did not find required class 'javax.servlet.ServletRequest' (OnClassCondition)

   SessionAutoConfiguration:
      Did not match:
         - @ConditionalOnClass did not find required class 'org.springframework.session.Session' (OnClassCondition)

   SolrAutoConfiguration:
      Did not match:
         - @ConditionalOnClass did not find required class 'org.apache.solr.client.solrj.impl.CloudSolrClient' (OnClassCondition)

   SolrRepositoriesAutoConfiguration:
      Did not match:
         - @ConditionalOnClass did not find required class 'org.apache.solr.client.solrj.SolrClient' (OnClassCondition)

   SpringApplicationAdminJmxAutoConfiguration:
      Did not match:
         - @ConditionalOnProperty (spring.application.admin.enabled=true) did not find property 'enabled' (OnPropertyCondition)

   SpringDataWebAutoConfiguration:
      Did not match:
         - @ConditionalOnClass did not find required class 'org.springframework.data.web.PageableHandlerMethodArgumentResolver' (OnClassCondition)

   TaskSchedulingAutoConfiguration#taskScheduler:
      Did not match:
         - @ConditionalOnBean (names: org.springframework.context.annotation.internalScheduledAnnotationProcessor; SearchStrategy: all) did not find any beans named org.springframework.context.annotation.internalScheduledAnnotationProcessor (OnBeanCondition)

   ThymeleafAutoConfiguration:
      Did not match:
         - @ConditionalOnClass did not find required class 'org.thymeleaf.spring5.SpringTemplateEngine' (OnClassCondition)

   TransactionAutoConfiguration:
      Did not match:
         - @ConditionalOnClass did not find required class 'org.springframework.transaction.PlatformTransactionManager' (OnClassCondition)

   UserDetailsServiceAutoConfiguration:
      Did not match:
         - @ConditionalOnClass did not find required class 'org.springframework.security.authentication.AuthenticationManager' (OnClassCondition)

   ValidationAutoConfiguration:
      Did not match:
         - @ConditionalOnClass did not find required class 'javax.validation.executable.ExecutableValidator' (OnClassCondition)

   WebClientAutoConfiguration:
      Did not match:
         - @ConditionalOnClass did not find required class 'org.springframework.web.reactive.function.client.WebClient' (OnClassCondition)

   WebFluxAutoConfiguration:
      Did not match:
         - @ConditionalOnClass did not find required class 'org.springframework.web.reactive.config.WebFluxConfigurer' (OnClassCondition)

   WebMvcAutoConfiguration:
      Did not match:
         - @ConditionalOnClass did not find required class 'javax.servlet.Servlet' (OnClassCondition)

   WebServiceTemplateAutoConfiguration:
      Did not match:
         - @ConditionalOnClass did not find required class 'org.springframework.oxm.Marshaller' (OnClassCondition)

   WebServicesAutoConfiguration:
      Did not match:
         - @ConditionalOnClass did not find required class 'org.springframework.ws.transport.http.MessageDispatcherServlet' (OnClassCondition)

   WebSocketMessagingAutoConfiguration:
      Did not match:
         - @ConditionalOnClass did not find required class 'org.springframework.web.socket.config.annotation.WebSocketMessageBrokerConfigurer' (OnClassCondition)

   WebSocketReactiveAutoConfiguration:
      Did not match:
         - @ConditionalOnClass did not find required class 'javax.servlet.Servlet' (OnClassCondition)

   WebSocketServletAutoConfiguration:
      Did not match:
         - @ConditionalOnClass did not find required class 'javax.servlet.Servlet' (OnClassCondition)

   XADataSourceAutoConfiguration:
      Did not match:
         - @ConditionalOnClass did not find required class 'javax.transaction.TransactionManager' (OnClassCondition)


Exclusions:
-----------

    None


Unconditional classes:
----------------------

    org.springframework.boot.autoconfigure.context.ConfigurationPropertiesAutoConfiguration

    org.springframework.boot.autoconfigure.context.PropertyPlaceholderAutoConfiguration

    org.springframework.boot.autoconfigure.info.ProjectInfoAutoConfiguration



2022-07-29 16:45:21.951 INFO [main]c.h.medium.service.LetterCombinationsOfAPhoneNumberTest.logStarted:61 -Started LetterCombinationsOfAPhoneNumberTest in 1.08 seconds (JVM running for 2.062)
2022-07-29 16:45:21.954 DEBUG[main]org.springframework.boot.devtools.restart.Restarter.logTo:222 -Creating new Restarter for thread Thread[main,5,main]
2022-07-29 16:45:21.954 DEBUG[main]o.s.t.c.cache.DefaultCacheAwareContextLoaderDelegate.loadContext:126 -Storing ApplicationContext [1632914150] in cache under key [[MergedContextConfiguration@19d481b testClass = LetterCombinationsOfAPhoneNumberTest, locations = '{}', classes = '{class com.hsuhau.com.hsuhau.hard.HardApplication, class com.hsuhau.com.hsuhau.hard.HardApplication}', contextInitializerClasses = '[]', activeProfiles = '{}', propertySourceLocations = '{}', propertySourceProperties = '{org.springframework.boot.test.context.SpringBootTestContextBootstrapper=true}', contextCustomizers = set[org.springframework.boot.test.context.filter.ExcludeFilterContextCustomizer@25d250c6, org.springframework.boot.test.json.DuplicateJsonObjectContextCustomizerFactory$DuplicateJsonObjectContextCustomizer@63a65a25, org.springframework.boot.test.mock.mockito.MockitoContextCustomizer@0, org.springframework.boot.test.web.client.TestRestTemplateContextCustomizer@6d2a209c, org.springframework.boot.test.autoconfigure.properties.PropertyMappingContextCustomizer@0, org.springframework.boot.test.autoconfigure.web.servlet.WebDriverContextCustomizerFactory$Customizer@2ea227af], contextLoader = 'org.springframework.boot.test.context.SpringBootContextLoader', parent = [null]]]
2022-07-29 16:45:21.954 DEBUG[main]org.springframework.test.context.cache.logStatistics:290 -Spring test ApplicationContext cache statistics: [DefaultContextCache@6c4f9535 size = 1, maxSize = 32, parentContextCount = 0, hitCount = 0, missCount = 1]
2022-07-29 16:45:21.960 DEBUG[main]o.s.t.c.cache.DefaultCacheAwareContextLoaderDelegate.loadContext:137 -Retrieved ApplicationContext [1632914150] from cache with key [[MergedContextConfiguration@19d481b testClass = LetterCombinationsOfAPhoneNumberTest, locations = '{}', classes = '{class com.hsuhau.com.hsuhau.hard.HardApplication, class com.hsuhau.com.hsuhau.hard.HardApplication}', contextInitializerClasses = '[]', activeProfiles = '{}', propertySourceLocations = '{}', propertySourceProperties = '{org.springframework.boot.test.context.SpringBootTestContextBootstrapper=true}', contextCustomizers = set[org.springframework.boot.test.context.filter.ExcludeFilterContextCustomizer@25d250c6, org.springframework.boot.test.json.DuplicateJsonObjectContextCustomizerFactory$DuplicateJsonObjectContextCustomizer@63a65a25, org.springframework.boot.test.mock.mockito.MockitoContextCustomizer@0, org.springframework.boot.test.web.client.TestRestTemplateContextCustomizer@6d2a209c, org.springframework.boot.test.autoconfigure.properties.PropertyMappingContextCustomizer@0, org.springframework.boot.test.autoconfigure.web.servlet.WebDriverContextCustomizerFactory$Customizer@2ea227af], contextLoader = 'org.springframework.boot.test.context.SpringBootContextLoader', parent = [null]]]
2022-07-29 16:45:21.960 DEBUG[main]org.springframework.test.context.cache.logStatistics:290 -Spring test ApplicationContext cache statistics: [DefaultContextCache@6c4f9535 size = 1, maxSize = 32, parentContextCount = 0, hitCount = 1, missCount = 1]
2022-07-29 16:45:21.964 DEBUG[main]o.s.t.c.s.AbstractDirtiesContextTestExecutionListener.beforeOrAfterTestMethod:107 -Before test method: context [DefaultTestContext@51f116b8 testClass = LetterCombinationsOfAPhoneNumberTest, testInstance = com.hsuhau.medium.service.LetterCombinationsOfAPhoneNumberTest@25084a1e, testMethod = testLetterCombinations@LetterCombinationsOfAPhoneNumberTest, testException = [null], mergedContextConfiguration = [MergedContextConfiguration@19d481b testClass = LetterCombinationsOfAPhoneNumberTest, locations = '{}', classes = '{class com.hsuhau.com.hsuhau.hard.HardApplication, class com.hsuhau.com.hsuhau.hard.HardApplication}', contextInitializerClasses = '[]', activeProfiles = '{}', propertySourceLocations = '{}', propertySourceProperties = '{org.springframework.boot.test.context.SpringBootTestContextBootstrapper=true}', contextCustomizers = set[org.springframework.boot.test.context.filter.ExcludeFilterContextCustomizer@25d250c6, org.springframework.boot.test.json.DuplicateJsonObjectContextCustomizerFactory$DuplicateJsonObjectContextCustomizer@63a65a25, org.springframework.boot.test.mock.mockito.MockitoContextCustomizer@0, org.springframework.boot.test.web.client.TestRestTemplateContextCustomizer@6d2a209c, org.springframework.boot.test.autoconfigure.properties.PropertyMappingContextCustomizer@0, org.springframework.boot.test.autoconfigure.web.servlet.WebDriverContextCustomizerFactory$Customizer@2ea227af], contextLoader = 'org.springframework.boot.test.context.SpringBootContextLoader', parent = [null]], attributes = map[[empty]]], class annotated with @DirtiesContext [false] with mode [null], method annotated with @DirtiesContext [false] with mode [null].
2022-07-29 16:45:21.964 DEBUG[main]o.s.t.c.cache.DefaultCacheAwareContextLoaderDelegate.loadContext:137 -Retrieved ApplicationContext [1632914150] from cache with key [[MergedContextConfiguration@19d481b testClass = LetterCombinationsOfAPhoneNumberTest, locations = '{}', classes = '{class com.hsuhau.com.hsuhau.hard.HardApplication, class com.hsuhau.com.hsuhau.hard.HardApplication}', contextInitializerClasses = '[]', activeProfiles = '{}', propertySourceLocations = '{}', propertySourceProperties = '{org.springframework.boot.test.context.SpringBootTestContextBootstrapper=true}', contextCustomizers = set[org.springframework.boot.test.context.filter.ExcludeFilterContextCustomizer@25d250c6, org.springframework.boot.test.json.DuplicateJsonObjectContextCustomizerFactory$DuplicateJsonObjectContextCustomizer@63a65a25, org.springframework.boot.test.mock.mockito.MockitoContextCustomizer@0, org.springframework.boot.test.web.client.TestRestTemplateContextCustomizer@6d2a209c, org.springframework.boot.test.autoconfigure.properties.PropertyMappingContextCustomizer@0, org.springframework.boot.test.autoconfigure.web.servlet.WebDriverContextCustomizerFactory$Customizer@2ea227af], contextLoader = 'org.springframework.boot.test.context.SpringBootContextLoader', parent = [null]]]
2022-07-29 16:45:21.964 DEBUG[main]org.springframework.test.context.cache.logStatistics:290 -Spring test ApplicationContext cache statistics: [DefaultContextCache@6c4f9535 size = 1, maxSize = 32, parentContextCount = 0, hitCount = 2, missCount = 1]
2022-07-29 16:45:21.964 DEBUG[main]o.s.t.c.cache.DefaultCacheAwareContextLoaderDelegate.loadContext:137 -Retrieved ApplicationContext [1632914150] from cache with key [[MergedContextConfiguration@19d481b testClass = LetterCombinationsOfAPhoneNumberTest, locations = '{}', classes = '{class com.hsuhau.com.hsuhau.hard.HardApplication, class com.hsuhau.com.hsuhau.hard.HardApplication}', contextInitializerClasses = '[]', activeProfiles = '{}', propertySourceLocations = '{}', propertySourceProperties = '{org.springframework.boot.test.context.SpringBootTestContextBootstrapper=true}', contextCustomizers = set[org.springframework.boot.test.context.filter.ExcludeFilterContextCustomizer@25d250c6, org.springframework.boot.test.json.DuplicateJsonObjectContextCustomizerFactory$DuplicateJsonObjectContextCustomizer@63a65a25, org.springframework.boot.test.mock.mockito.MockitoContextCustomizer@0, org.springframework.boot.test.web.client.TestRestTemplateContextCustomizer@6d2a209c, org.springframework.boot.test.autoconfigure.properties.PropertyMappingContextCustomizer@0, org.springframework.boot.test.autoconfigure.web.servlet.WebDriverContextCustomizerFactory$Customizer@2ea227af], contextLoader = 'org.springframework.boot.test.context.SpringBootContextLoader', parent = [null]]]
2022-07-29 16:45:21.964 DEBUG[main]org.springframework.test.context.cache.logStatistics:290 -Spring test ApplicationContext cache statistics: [DefaultContextCache@6c4f9535 size = 1, maxSize = 32, parentContextCount = 0, hitCount = 3, missCount = 1]
2022-07-29 16:45:22.143 DEBUG[main]o.s.t.c.cache.DefaultCacheAwareContextLoaderDelegate.loadContext:137 -Retrieved ApplicationContext [1632914150] from cache with key [[MergedContextConfiguration@19d481b testClass = LetterCombinationsOfAPhoneNumberTest, locations = '{}', classes = '{class com.hsuhau.com.hsuhau.hard.HardApplication, class com.hsuhau.com.hsuhau.hard.HardApplication}', contextInitializerClasses = '[]', activeProfiles = '{}', propertySourceLocations = '{}', propertySourceProperties = '{org.springframework.boot.test.context.SpringBootTestContextBootstrapper=true}', contextCustomizers = set[org.springframework.boot.test.context.filter.ExcludeFilterContextCustomizer@25d250c6, org.springframework.boot.test.json.DuplicateJsonObjectContextCustomizerFactory$DuplicateJsonObjectContextCustomizer@63a65a25, org.springframework.boot.test.mock.mockito.MockitoContextCustomizer@0, org.springframework.boot.test.web.client.TestRestTemplateContextCustomizer@6d2a209c, org.springframework.boot.test.autoconfigure.properties.PropertyMappingContextCustomizer@0, org.springframework.boot.test.autoconfigure.web.servlet.WebDriverContextCustomizerFactory$Customizer@2ea227af], contextLoader = 'org.springframework.boot.test.context.SpringBootContextLoader', parent = [null]]]
2022-07-29 16:45:22.143 DEBUG[main]org.springframework.test.context.cache.logStatistics:290 -Spring test ApplicationContext cache statistics: [DefaultContextCache@6c4f9535 size = 1, maxSize = 32, parentContextCount = 0, hitCount = 4, missCount = 1]
2022-07-29 16:45:22.166 DEBUG[main]o.s.t.c.cache.DefaultCacheAwareContextLoaderDelegate.loadContext:137 -Retrieved ApplicationContext [1632914150] from cache with key [[MergedContextConfiguration@19d481b testClass = LetterCombinationsOfAPhoneNumberTest, locations = '{}', classes = '{class com.hsuhau.com.hsuhau.hard.HardApplication, class com.hsuhau.com.hsuhau.hard.HardApplication}', contextInitializerClasses = '[]', activeProfiles = '{}', propertySourceLocations = '{}', propertySourceProperties = '{org.springframework.boot.test.context.SpringBootTestContextBootstrapper=true}', contextCustomizers = set[org.springframework.boot.test.context.filter.ExcludeFilterContextCustomizer@25d250c6, org.springframework.boot.test.json.DuplicateJsonObjectContextCustomizerFactory$DuplicateJsonObjectContextCustomizer@63a65a25, org.springframework.boot.test.mock.mockito.MockitoContextCustomizer@0, org.springframework.boot.test.web.client.TestRestTemplateContextCustomizer@6d2a209c, org.springframework.boot.test.autoconfigure.properties.PropertyMappingContextCustomizer@0, org.springframework.boot.test.autoconfigure.web.servlet.WebDriverContextCustomizerFactory$Customizer@2ea227af], contextLoader = 'org.springframework.boot.test.context.SpringBootContextLoader', parent = [null]]]
2022-07-29 16:45:22.166 DEBUG[main]org.springframework.test.context.cache.logStatistics:290 -Spring test ApplicationContext cache statistics: [DefaultContextCache@6c4f9535 size = 1, maxSize = 32, parentContextCount = 0, hitCount = 5, missCount = 1]
2022-07-29 16:45:22.166 DEBUG[main]o.s.t.c.cache.DefaultCacheAwareContextLoaderDelegate.loadContext:137 -Retrieved ApplicationContext [1632914150] from cache with key [[MergedContextConfiguration@19d481b testClass = LetterCombinationsOfAPhoneNumberTest, locations = '{}', classes = '{class com.hsuhau.com.hsuhau.hard.HardApplication, class com.hsuhau.com.hsuhau.hard.HardApplication}', contextInitializerClasses = '[]', activeProfiles = '{}', propertySourceLocations = '{}', propertySourceProperties = '{org.springframework.boot.test.context.SpringBootTestContextBootstrapper=true}', contextCustomizers = set[org.springframework.boot.test.context.filter.ExcludeFilterContextCustomizer@25d250c6, org.springframework.boot.test.json.DuplicateJsonObjectContextCustomizerFactory$DuplicateJsonObjectContextCustomizer@63a65a25, org.springframework.boot.test.mock.mockito.MockitoContextCustomizer@0, org.springframework.boot.test.web.client.TestRestTemplateContextCustomizer@6d2a209c, org.springframework.boot.test.autoconfigure.properties.PropertyMappingContextCustomizer@0, org.springframework.boot.test.autoconfigure.web.servlet.WebDriverContextCustomizerFactory$Customizer@2ea227af], contextLoader = 'org.springframework.boot.test.context.SpringBootContextLoader', parent = [null]]]
2022-07-29 16:45:22.166 DEBUG[main]org.springframework.test.context.cache.logStatistics:290 -Spring test ApplicationContext cache statistics: [DefaultContextCache@6c4f9535 size = 1, maxSize = 32, parentContextCount = 0, hitCount = 6, missCount = 1]
2022-07-29 16:45:22.166 DEBUG[main]o.s.t.c.cache.DefaultCacheAwareContextLoaderDelegate.loadContext:137 -Retrieved ApplicationContext [1632914150] from cache with key [[MergedContextConfiguration@19d481b testClass = LetterCombinationsOfAPhoneNumberTest, locations = '{}', classes = '{class com.hsuhau.com.hsuhau.hard.HardApplication, class com.hsuhau.com.hsuhau.hard.HardApplication}', contextInitializerClasses = '[]', activeProfiles = '{}', propertySourceLocations = '{}', propertySourceProperties = '{org.springframework.boot.test.context.SpringBootTestContextBootstrapper=true}', contextCustomizers = set[org.springframework.boot.test.context.filter.ExcludeFilterContextCustomizer@25d250c6, org.springframework.boot.test.json.DuplicateJsonObjectContextCustomizerFactory$DuplicateJsonObjectContextCustomizer@63a65a25, org.springframework.boot.test.mock.mockito.MockitoContextCustomizer@0, org.springframework.boot.test.web.client.TestRestTemplateContextCustomizer@6d2a209c, org.springframework.boot.test.autoconfigure.properties.PropertyMappingContextCustomizer@0, org.springframework.boot.test.autoconfigure.web.servlet.WebDriverContextCustomizerFactory$Customizer@2ea227af], contextLoader = 'org.springframework.boot.test.context.SpringBootContextLoader', parent = [null]]]
2022-07-29 16:45:22.166 DEBUG[main]org.springframework.test.context.cache.logStatistics:290 -Spring test ApplicationContext cache statistics: [DefaultContextCache@6c4f9535 size = 1, maxSize = 32, parentContextCount = 0, hitCount = 7, missCount = 1]
2022-07-29 16:45:22.166 DEBUG[main]o.s.t.c.cache.DefaultCacheAwareContextLoaderDelegate.loadContext:137 -Retrieved ApplicationContext [1632914150] from cache with key [[MergedContextConfiguration@19d481b testClass = LetterCombinationsOfAPhoneNumberTest, locations = '{}', classes = '{class com.hsuhau.com.hsuhau.hard.HardApplication, class com.hsuhau.com.hsuhau.hard.HardApplication}', contextInitializerClasses = '[]', activeProfiles = '{}', propertySourceLocations = '{}', propertySourceProperties = '{org.springframework.boot.test.context.SpringBootTestContextBootstrapper=true}', contextCustomizers = set[org.springframework.boot.test.context.filter.ExcludeFilterContextCustomizer@25d250c6, org.springframework.boot.test.json.DuplicateJsonObjectContextCustomizerFactory$DuplicateJsonObjectContextCustomizer@63a65a25, org.springframework.boot.test.mock.mockito.MockitoContextCustomizer@0, org.springframework.boot.test.web.client.TestRestTemplateContextCustomizer@6d2a209c, org.springframework.boot.test.autoconfigure.properties.PropertyMappingContextCustomizer@0, org.springframework.boot.test.autoconfigure.web.servlet.WebDriverContextCustomizerFactory$Customizer@2ea227af], contextLoader = 'org.springframework.boot.test.context.SpringBootContextLoader', parent = [null]]]
2022-07-29 16:45:22.166 DEBUG[main]org.springframework.test.context.cache.logStatistics:290 -Spring test ApplicationContext cache statistics: [DefaultContextCache@6c4f9535 size = 1, maxSize = 32, parentContextCount = 0, hitCount = 8, missCount = 1]
2022-07-29 16:45:22.170 DEBUG[main]o.s.t.c.cache.DefaultCacheAwareContextLoaderDelegate.loadContext:137 -Retrieved ApplicationContext [1632914150] from cache with key [[MergedContextConfiguration@19d481b testClass = LetterCombinationsOfAPhoneNumberTest, locations = '{}', classes = '{class com.hsuhau.com.hsuhau.hard.HardApplication, class com.hsuhau.com.hsuhau.hard.HardApplication}', contextInitializerClasses = '[]', activeProfiles = '{}', propertySourceLocations = '{}', propertySourceProperties = '{org.springframework.boot.test.context.SpringBootTestContextBootstrapper=true}', contextCustomizers = set[org.springframework.boot.test.context.filter.ExcludeFilterContextCustomizer@25d250c6, org.springframework.boot.test.json.DuplicateJsonObjectContextCustomizerFactory$DuplicateJsonObjectContextCustomizer@63a65a25, org.springframework.boot.test.mock.mockito.MockitoContextCustomizer@0, org.springframework.boot.test.web.client.TestRestTemplateContextCustomizer@6d2a209c, org.springframework.boot.test.autoconfigure.properties.PropertyMappingContextCustomizer@0, org.springframework.boot.test.autoconfigure.web.servlet.WebDriverContextCustomizerFactory$Customizer@2ea227af], contextLoader = 'org.springframework.boot.test.context.SpringBootContextLoader', parent = [null]]]
2022-07-29 16:45:22.170 DEBUG[main]org.springframework.test.context.cache.logStatistics:290 -Spring test ApplicationContext cache statistics: [DefaultContextCache@6c4f9535 size = 1, maxSize = 32, parentContextCount = 0, hitCount = 9, missCount = 1]
2022-07-29 16:45:22.171 DEBUG[main]o.s.t.c.cache.DefaultCacheAwareContextLoaderDelegate.loadContext:137 -Retrieved ApplicationContext [1632914150] from cache with key [[MergedContextConfiguration@19d481b testClass = LetterCombinationsOfAPhoneNumberTest, locations = '{}', classes = '{class com.hsuhau.com.hsuhau.hard.HardApplication, class com.hsuhau.com.hsuhau.hard.HardApplication}', contextInitializerClasses = '[]', activeProfiles = '{}', propertySourceLocations = '{}', propertySourceProperties = '{org.springframework.boot.test.context.SpringBootTestContextBootstrapper=true}', contextCustomizers = set[org.springframework.boot.test.context.filter.ExcludeFilterContextCustomizer@25d250c6, org.springframework.boot.test.json.DuplicateJsonObjectContextCustomizerFactory$DuplicateJsonObjectContextCustomizer@63a65a25, org.springframework.boot.test.mock.mockito.MockitoContextCustomizer@0, org.springframework.boot.test.web.client.TestRestTemplateContextCustomizer@6d2a209c, org.springframework.boot.test.autoconfigure.properties.PropertyMappingContextCustomizer@0, org.springframework.boot.test.autoconfigure.web.servlet.WebDriverContextCustomizerFactory$Customizer@2ea227af], contextLoader = 'org.springframework.boot.test.context.SpringBootContextLoader', parent = [null]]]
2022-07-29 16:45:22.171 DEBUG[main]org.springframework.test.context.cache.logStatistics:290 -Spring test ApplicationContext cache statistics: [DefaultContextCache@6c4f9535 size = 1, maxSize = 32, parentContextCount = 0, hitCount = 10, missCount = 1]
2022-07-29 16:45:22.171 DEBUG[main]o.s.t.c.s.AbstractDirtiesContextTestExecutionListener.beforeOrAfterTestMethod:107 -After test method: context [DefaultTestContext@51f116b8 testClass = LetterCombinationsOfAPhoneNumberTest, testInstance = com.hsuhau.medium.service.LetterCombinationsOfAPhoneNumberTest@25084a1e, testMethod = testLetterCombinations@LetterCombinationsOfAPhoneNumberTest, testException = [null], mergedContextConfiguration = [MergedContextConfiguration@19d481b testClass = LetterCombinationsOfAPhoneNumberTest, locations = '{}', classes = '{class com.hsuhau.com.hsuhau.hard.HardApplication, class com.hsuhau.com.hsuhau.hard.HardApplication}', contextInitializerClasses = '[]', activeProfiles = '{}', propertySourceLocations = '{}', propertySourceProperties = '{org.springframework.boot.test.context.SpringBootTestContextBootstrapper=true}', contextCustomizers = set[org.springframework.boot.test.context.filter.ExcludeFilterContextCustomizer@25d250c6, org.springframework.boot.test.json.DuplicateJsonObjectContextCustomizerFactory$DuplicateJsonObjectContextCustomizer@63a65a25, org.springframework.boot.test.mock.mockito.MockitoContextCustomizer@0, org.springframework.boot.test.web.client.TestRestTemplateContextCustomizer@6d2a209c, org.springframework.boot.test.autoconfigure.properties.PropertyMappingContextCustomizer@0, org.springframework.boot.test.autoconfigure.web.servlet.WebDriverContextCustomizerFactory$Customizer@2ea227af], contextLoader = 'org.springframework.boot.test.context.SpringBootContextLoader', parent = [null]], attributes = map[[empty]]], class annotated with @DirtiesContext [false] with mode [null], method annotated with @DirtiesContext [false] with mode [null].
2022-07-29 16:45:22.176 DEBUG[main]o.s.t.c.cache.DefaultCacheAwareContextLoaderDelegate.loadContext:137 -Retrieved ApplicationContext [1632914150] from cache with key [[MergedContextConfiguration@19d481b testClass = LetterCombinationsOfAPhoneNumberTest, locations = '{}', classes = '{class com.hsuhau.com.hsuhau.hard.HardApplication, class com.hsuhau.com.hsuhau.hard.HardApplication}', contextInitializerClasses = '[]', activeProfiles = '{}', propertySourceLocations = '{}', propertySourceProperties = '{org.springframework.boot.test.context.SpringBootTestContextBootstrapper=true}', contextCustomizers = set[org.springframework.boot.test.context.filter.ExcludeFilterContextCustomizer@25d250c6, org.springframework.boot.test.json.DuplicateJsonObjectContextCustomizerFactory$DuplicateJsonObjectContextCustomizer@63a65a25, org.springframework.boot.test.mock.mockito.MockitoContextCustomizer@0, org.springframework.boot.test.web.client.TestRestTemplateContextCustomizer@6d2a209c, org.springframework.boot.test.autoconfigure.properties.PropertyMappingContextCustomizer@0, org.springframework.boot.test.autoconfigure.web.servlet.WebDriverContextCustomizerFactory$Customizer@2ea227af], contextLoader = 'org.springframework.boot.test.context.SpringBootContextLoader', parent = [null]]]
2022-07-29 16:45:22.182 DEBUG[main]org.springframework.test.context.cache.logStatistics:290 -Spring test ApplicationContext cache statistics: [DefaultContextCache@6c4f9535 size = 1, maxSize = 32, parentContextCount = 0, hitCount = 11, missCount = 1]
2022-07-29 16:45:22.182 DEBUG[main]o.s.t.c.s.AbstractDirtiesContextTestExecutionListener.beforeOrAfterTestClass:142 -After test class: context [DefaultTestContext@51f116b8 testClass = LetterCombinationsOfAPhoneNumberTest, testInstance = [null], testMethod = [null], testException = [null], mergedContextConfiguration = [MergedContextConfiguration@19d481b testClass = LetterCombinationsOfAPhoneNumberTest, locations = '{}', classes = '{class com.hsuhau.com.hsuhau.hard.HardApplication, class com.hsuhau.com.hsuhau.hard.HardApplication}', contextInitializerClasses = '[]', activeProfiles = '{}', propertySourceLocations = '{}', propertySourceProperties = '{org.springframework.boot.test.context.SpringBootTestContextBootstrapper=true}', contextCustomizers = set[org.springframework.boot.test.context.filter.ExcludeFilterContextCustomizer@25d250c6, org.springframework.boot.test.json.DuplicateJsonObjectContextCustomizerFactory$DuplicateJsonObjectContextCustomizer@63a65a25, org.springframework.boot.test.mock.mockito.MockitoContextCustomizer@0, org.springframework.boot.test.web.client.TestRestTemplateContextCustomizer@6d2a209c, org.springframework.boot.test.autoconfigure.properties.PropertyMappingContextCustomizer@0, org.springframework.boot.test.autoconfigure.web.servlet.WebDriverContextCustomizerFactory$Customizer@2ea227af], contextLoader = 'org.springframework.boot.test.context.SpringBootContextLoader', parent = [null]], attributes = map[[empty]]], class annotated with @DirtiesContext [false] with mode [null].
2022-07-29 16:45:22.182 DEBUG[SpringContextShutdownHook]o.s.c.annotation.AnnotationConfigApplicationContext.doClose:1005 -Closing org.springframework.context.annotation.AnnotationConfigApplicationContext@61544ae6, started on Fri Jul 29 16:45:21 CST 2022
